Rider Entry Point...
08:59:28.814 |I| ProcessWatchdog                | WatchParentPid:10:4            | Monitoring parent process PID:10
08:59:28.877 |I| --LOGLOG--                     | :1                             | Added omnipresent logger with type [JetBrains.UI.Application.LogEventListener] and level [INFO]

08:59:28.981 |V| --LOGLOG:NativeMemoryPool--    | :1                             | New memory block allocated, size: 1,048,576 bytes, total allocated blocks: 0, used: 0

08:59:29.086 |I| --LOGLOG--                     | :1                             | Initializing LogManager with path=/opt/idea/bin/backend-log.xml, subconfiguration=Debug

08:59:29.099 |I| --LOGLOG--                     | :1                             | Listening of folder /opt/idea/bin is DISABLED. Platform: Linux.

08:59:29.102 |I| --LOGLOG--                     | :1                             | Reconfigure logger, ReadBinary=[False], Subconf=[Debug], Xml=/opt/idea/bin/backend-log.xml

JetBrains Rider 2023.2 EAP 9 D 
Running in .NET Core v7.0.7 x64 runtime
08:59:29.473 |I| --LOGLOG--                     | :1                             | Added omnipresent logger with type [JetBrains.Util.Console.ConsoleLoggerListener] and level [INFO]

08:59:30.216 |V| --LOGLOG:NativeMemoryPool--    | :1                             | New memory block allocated, size: 1,048,576 bytes, total allocated blocks: 1, used: 1

JetBrains Rider 2023.2 EAP 9 D
Running on x64 OS in x64 architecture, .NET 7.0.7 under Linux 5.15.0-1041-azure #48-Ubuntu SMP Tue Jun 20 20:34:08 UTC 2023
08:59:31.607 |I| --LOGLOG--                     | :1                             | Removed omnipresent logger with type [JetBrains.Util.Console.ConsoleLoggerListener] and level [INFO]

08:59:31.608 |I| --LOGLOG--                     | :1                             | Added omnipresent logger with type [JetBrains.ReSharperAutomationTools.CommandLine.Common.Console.Util.Logging.ConsoleToolLogger] and level [INFO]

08:59:31.738 |I| --LOGLOG--                     | :1                             | Removed omnipresent logger with type [JetBrains.ReSharperAutomationTools.CommandLine.Common.Console.Util.Logging.ConsoleToolLogger] and level [INFO]

08:59:31.738 |I| --LOGLOG--                     | :1                             | Added omnipresent logger with type [JetBrains.Util.Console.ConsoleLoggerListener] and level [WARN]. Filters: <len=1>[JetBrains.Rider.Backend.Features.Loggers.RiderStderrThresholdFilter]

08:59:31.739 |I| --LOGLOG--                     | :1                             | Added omnipresent logger with type [JetBrains.Rider.Backend.Features.Loggers.LoggerHost] and level [INFO]

08:59:31.739 |I| --LOGLOG--                     | :1                             | Removed omnipresent logger with type [JetBrains.UI.Application.LogEventListener] and level [INFO]

08:59:52.231 |V| --LOGLOG:NativeMemoryPool--    | .NET ThreadPool Worker:12      | New memory block allocated, size: 1,048,576 bytes, total allocated blocks: 2, used: 2

08:59:53.023 |V| --LOGLOG:UnsafeWriter--        | :1                             | Realloc UnsafeWriter, current: 1,048,576 bytes, new: 2,097,152

08:59:56.365 |V| --LOGLOG:NativeMemoryPool--    | ClientSocket-MainWire-Sender:20 | New memory block allocated, size: 1,048,576 bytes, total allocated blocks: 3, used: 3

08:59:58.247 |V| --LOGLOG:UnsafeWriter--        | JetPool(S) #1:14               | Realloc UnsafeWriter, current: 1,048,576 bytes, new: 2,097,152

09:00:15.763 |V| --LOGLOG:UnsafeWriter--        | :1                             | Realloc UnsafeWriter, current: 1,048,576 bytes, new: 4,194,304

09:00:19.731 |I| --LOGLOG--                     | :1                             | Removed omnipresent logger with type [JetBrains.Rider.Backend.Features.Loggers.LoggerHost] and level [INFO]

09:00:19.949 |I| --LOGLOG--                     | :1                             | Removed omnipresent logger with type [JetBrains.Util.Console.ConsoleLoggerListener] and level [WARN]

