/opt/idea/lib/ReSharperHost/linux-x64/Rider.Backend --runtimeconfig /opt/idea/lib/ReSharperHost/Rider.Backend.netcore.runtimeconfig.json --Port=33411 --enablecpp
Warning: DemoText for C# contains ''
Warning: DemoText for XAML contains ''
Warning: DemoText for C++ contains ''
Warning: DemoText for ReSharper Cg Highlighters contains ''
Warning: DemoText for ReSharper ShaderLab Highlighters contains ''
Warning: DemoText for Unity contains ''
Warning: No JetBrains.ExternalAnnotations packages found in the host Rider232
Warning: Primary thread didn't respond for 0.656sec (CurrentTask: 'DelayedInitializationStrategy.Dispatch: JetBrains.Rider.Backend.Features.ProjectModel.RiderSolutionWatcher') QueueSize=0
Warning: Primary thread didn't respond for 0.858sec (CurrentTask: 'DelayedInitializationStrategy.Dispatch: JetBrains.Rider.Backend.Features.ProjectModel.RiderSolutionWatcher') QueueSize=1
Warning: Primary thread didn't respond for 1.058sec (CurrentTask: 'DelayedInitializationStrategy.Dispatch: JetBrains.Rider.Backend.Features.ProjectModel.RiderSolutionWatcher') QueueSize=1
Warning: Primary thread didn't respond for 1.257sec (CurrentTask: 'DelayedInitializationStrategy.Dispatch: JetBrains.Rider.Backend.Features.ProjectModel.RiderSolutionWatcher') QueueSize=2
Warning: Primary thread didn't respond for 1.458sec (CurrentTask: 'DelayedInitializationStrategy.Dispatch: JetBrains.Rider.Backend.Features.ProjectModel.RiderSolutionWatcher') QueueSize=2
Warning: Primary thread was unresponsive for 1.458sec
Warning: Primary thread didn't respond for 0.575sec (CurrentTask: 'Create Solution Container Compose Task') QueueSize=1
Warning: Primary thread didn't respond for 0.776sec (CurrentTask: 'Create Solution Container Compose Task') QueueSize=2
Warning: Primary thread didn't respond for 0.976sec (CurrentTask: 'Create Solution Container Compose Task') QueueSize=2
Warning: Primary thread didn't respond for 1.176sec (CurrentTask: 'Create Solution Container Compose Task') QueueSize=3
Warning: Primary thread didn't respond for 1.376sec (CurrentTask: 'Create Solution Container Compose Task') QueueSize=3
Warning: Primary thread didn't respond for 1.576sec (CurrentTask: 'Create Solution Container Compose Task') QueueSize=3
Warning: Primary thread didn't respond for 1.776sec (CurrentTask: 'Create Solution Container Compose Task') QueueSize=3
Warning: Primary thread didn't respond for 1.976sec (CurrentTask: 'Create Solution Container Compose Task') QueueSize=3
Warning: Primary thread didn't respond for 2.210sec (CurrentTask: 'Create Solution Container Compose Task') QueueSize=3
Warning: Primary thread didn't respond for 2.408sec (CurrentTask: 'Create Solution Container Compose Task') QueueSize=3
Warning: Primary thread didn't respond for 2.610sec (CurrentTask: 'Create Solution Container Compose Task') QueueSize=3
Warning: Primary thread didn't respond for 2.921sec (CurrentTask: 'Create Solution Container Compose Task') QueueSize=3
Warning: Primary thread didn't respond for 3.120sec (CurrentTask: 'Create Solution Container Compose Task') QueueSize=3
Warning: Primary thread didn't respond for 3.320sec (CurrentTask: 'Create Solution Container Compose Task') QueueSize=3
Warning: Primary thread didn't respond for 3.540sec (CurrentTask: 'Create Solution Container Compose Task') QueueSize=3
Warning: Primary thread didn't respond for 3.741sec (CurrentTask: 'Create Solution Container Compose Task') QueueSize=3
Warning: Primary thread didn't respond for 3.940sec (CurrentTask: 'Create Solution Container Compose Task') QueueSize=3
Warning: Primary thread didn't respond for 4.143sec (CurrentTask: 'Create Solution Container Compose Task') QueueSize=3
Warning: Primary thread didn't respond for 4.373sec (CurrentTask: 'Create Solution Container Compose Task') QueueSize=3
Warning: Primary thread didn't respond for 4.572sec (CurrentTask: 'Create Solution Container Compose Task') QueueSize=3
Warning: Primary thread didn't respond for 4.774sec (CurrentTask: 'Create Solution Container Compose Task') QueueSize=3
Warning: Primary thread didn't respond for 4.974sec (CurrentTask: 'Create Solution Container Compose Task') QueueSize=3
Warning: Primary thread didn't respond for 5.172sec (CurrentTask: 'Create Solution Container Compose Task') QueueSize=4
Warning: Primary thread didn't respond for 5.372sec (CurrentTask: 'Create Solution Container Compose Task') QueueSize=5
Warning: Primary thread didn't respond for 5.572sec (CurrentTask: 'Create Solution Container Compose Task') QueueSize=6
Warning: Primary thread didn't respond for 5.771sec (CurrentTask: 'Create Solution Container Compose Task') QueueSize=6
Warning: Primary thread didn't respond for 5.975sec (CurrentTask: 'Create Solution Container Compose Task') QueueSize=8
Warning: Primary thread didn't respond for 6.172sec (CurrentTask: 'Create Solution Container Compose Task') QueueSize=8
Warning: Primary thread didn't respond for 6.375sec (CurrentTask: 'Create Solution Container Compose Task') QueueSize=8
Warning: Primary thread didn't respond for 6.583sec (CurrentTask: 'Create Solution Container Compose Task') QueueSize=8
Warning: Primary thread didn't respond for 6.781sec (CurrentTask: 'Create Solution Container Compose Task') QueueSize=9
Warning: Primary thread didn't respond for 6.982sec (CurrentTask: 'Create Solution Container Compose Task') QueueSize=9
Warning: Primary thread didn't respond for 7.181sec (CurrentTask: 'Create Solution Container Compose Task') QueueSize=9
Warning: Primary thread didn't respond for 7.380sec (CurrentTask: 'Create Solution Container Compose Task') QueueSize=9
Warning: Primary thread didn't respond for 7.582sec (CurrentTask: 'Create Solution Container Compose Task') QueueSize=9
Warning: Primary thread didn't respond for 7.782sec (CurrentTask: 'Create Solution Container Compose Task') QueueSize=9
Warning: Primary thread didn't respond for 7.979sec (CurrentTask: 'Create Solution Container Compose Task') QueueSize=10
Warning: Primary thread didn't respond for 8.182sec (CurrentTask: 'Create Solution Container Compose Task') QueueSize=12
Warning: Primary thread didn't respond for 8.382sec (CurrentTask: 'Create Solution Container Compose Task') QueueSize=12
Warning: Primary thread didn't respond for 8.579sec (CurrentTask: 'Create Solution Container Compose Task') QueueSize=12
Warning: Primary thread didn't respond for 8.782sec (CurrentTask: 'Create Solution Container Compose Task') QueueSize=12
Warning: Primary thread didn't respond for 8.980sec (CurrentTask: 'Create Solution Container Compose Task') QueueSize=12
Warning: Primary thread didn't respond for 9.179sec (CurrentTask: 'Create Solution Container Compose Task') QueueSize=12
Warning: Primary thread didn't respond for 9.387sec (CurrentTask: 'Create Solution Container Compose Task') QueueSize=12
Warning: Primary thread didn't respond for 9.590sec (CurrentTask: 'Create Solution Container Compose Task') QueueSize=12
Warning: Primary thread didn't respond for 9.790sec (CurrentTask: 'Create Solution Container Compose Task') QueueSize=12
Warning: Primary thread didn't respond for 9.990sec (CurrentTask: 'Create Solution Container Compose Task') QueueSize=13
Warning: Primary thread didn't respond for 10.190sec (CurrentTask: 'Create Solution Container Compose Task') QueueSize=16
Warning: Primary thread didn't respond for 10.393sec (CurrentTask: 'Create Solution Container Compose Task') QueueSize=19
Warning: Primary thread didn't respond for 10.592sec (CurrentTask: 'Create Solution Container Compose Task') QueueSize=22
Warning: Primary thread didn't respond for 10.792sec (CurrentTask: 'Create Solution Container Compose Task') QueueSize=25
Warning: Add analyzer: project reference manager not found for GameMain dc94e657-05ce-16d7-805e-74dfc3666403
Warning: Add analyzer: project reference manager not found for Module.Worker f9cc8254-9bad-5632-70b8-e953ed383c59
Warning: Add analyzer: project reference manager not found for Core.Utility d2e0865b-657b-42a9-c964-7ce50668b0f1
Warning: Add analyzer: project reference manager not found for Editor 3069f44f-eca6-96a7-7477-31489fde0c97
Warning: Add analyzer: project reference manager not found for Module.Player 0d0ed36f-2ce2-075a-a724-3b9c7f79fe3a
Warning: Add analyzer: project reference manager not found for Core.Parameter 92bb72c2-ea4b-5ac1-66d4-2589d6f686b9
Warning: Add analyzer: project reference manager not found for Module.Task 37cc3fda-e498-5f92-836d-5b9b39bd7f38
Warning: Add analyzer: project reference manager not found for Core.Model 0abc4ba9-3185-2298-7f31-1306d9009a99
Warning: Primary thread didn't respond for 10.992sec (CurrentTask: 'Create Solution Container Compose Task') QueueSize=31
Warning: Primary thread didn't respond for 11.192sec (CurrentTask: 'Create Solution Container Compose Task') QueueSize=33
Warning: Primary thread didn't respond for 11.395sec (CurrentTask: 'Create Solution Container Compose Task') QueueSize=67
Warning: Primary thread didn't respond for 11.592sec (CurrentTask: 'Create Solution Container Compose Task') QueueSize=80
Warning: Primary thread was unresponsive for 11.592sec
Warning: Primary thread didn't respond for 0.538sec (CurrentTask: 'RdDispatcher::FlushAll::method=Void <DoDispatch>b__0() of JetBrains.Rd.Impl.MessageBroker+RdWireableDispatchHelper+<>c__DisplayClass12_0') QueueSize=91
Warning: Primary thread didn't respond for 0.746sec (CurrentTask: 'RdNuGetHost.VulnerablePackagesInSync.SetValue') QueueSize=48
Warning: Primary thread didn't respond for 0.946sec (CurrentTask: 'GroupingEventHost.ExecuteExpiredEvents') QueueSize=32
Warning: Primary thread was unresponsive for 0.946sec
Warning: Primary thread didn't respond for 0.675sec (CurrentTask: 'Raise All Projects Added Task') QueueSize=21
Warning: Primary thread didn't respond for 0.876sec (CurrentTask: 'Raise All Projects Added Task') QueueSize=21
Warning: Primary thread didn't respond for 1.076sec (CurrentTask: 'Raise All Projects Added Task') QueueSize=30
Warning: Primary thread was unresponsive for 1.076sec
Warning: Found existing project file for /data/project/Assets/Scripts/Editor/Editor.asmdef with existing PSI source file (IsMiscProjectItem: False)
Warning: Found existing project file for /data/project/Assets/Scripts/Core/Utility/Core.Utility.asmdef with existing PSI source file (IsMiscProjectItem: False)
Warning: Found existing project file for /data/project/Assets/Scripts/Core/Parameter/Core.Parameter.asmdef with existing PSI source file (IsMiscProjectItem: False)
Warning: Found existing project file for /data/project/Assets/Scripts/Core/Model/Core.Model.asmdef with existing PSI source file (IsMiscProjectItem: False)
Warning: Found existing project file for /data/project/Assets/Scripts/GameMain/GameMain.asmdef with existing PSI source file (IsMiscProjectItem: False)
Warning: Found existing project file for /data/project/Assets/Scripts/Module/Working/Module.Worker.asmdef with existing PSI source file (IsMiscProjectItem: False)
Warning: Found existing project file for /data/project/Assets/Scripts/Module/Task/Module.Task.asmdef with existing PSI source file (IsMiscProjectItem: False)
Warning: Found existing project file for /data/project/Assets/Scripts/Module/Player/Module.Player.asmdef with existing PSI source file (IsMiscProjectItem: False)
Warning: Primary thread didn't respond for 0.552sec (CurrentTask: 'ReentrancyGuardTaskScheduler::QueueTask::ReentrancyGuardTaskScheduler::QueueTask name=') QueueSize=7
Warning: Primary thread didn't respond for 0.752sec (CurrentTask: 'Finish project model updating') QueueSize=6
Warning: Primary thread didn't respond for 0.952sec (CurrentTask: 'ReentrancyGuardTaskScheduler::QueueTask::ReentrancyGuardTaskScheduler::QueueTask name=') QueueSize=8
Warning: Primary thread was unresponsive for 0.952sec
Warning: Primary thread didn't respond for 0.576sec (CurrentTask: 'PriorityRdDispatcher') QueueSize=7
Warning: Primary thread didn't respond for 0.775sec (CurrentTask: 'PriorityRdDispatcher') QueueSize=7
Warning: Primary thread was unresponsive for 0.775sec
