Rider Entry Point...
06:16:03.206 |I| ProcessWatchdog                | WatchParentPid:11:4            | Monitoring parent process PID:11
06:16:03.276 |I| --LOGLOG--                     | :1                             | Added omnipresent logger with type [JetBrains.UI.Application.LogEventListener] and level [INFO]

06:16:03.332 |V| --LOGLOG:NativeMemoryPool--    | :1                             | New memory block allocated, size: 1,048,576 bytes, total allocated blocks: 0, used: 0

06:16:03.435 |I| --LOGLOG--                     | :1                             | Initializing LogManager with path=/opt/idea/bin/backend-log.xml, subconfiguration=Debug

06:16:03.444 |I| --LOGLOG--                     | :1                             | Listening of folder /opt/idea/bin is DISABLED. Platform: Linux.

06:16:03.455 |I| --LOGLOG--                     | :1                             | Reconfigure logger, ReadBinary=[False], Subconf=[Debug], Xml=/opt/idea/bin/backend-log.xml

JetBrains Rider 2023.2 EAP 9 D 
Running in .NET Core v7.0.7 x64 runtime
06:16:03.708 |I| --LOGLOG--                     | :1                             | Added omnipresent logger with type [JetBrains.Util.Console.ConsoleLoggerListener] and level [INFO]

JetBrains Rider 2023.2 EAP 9 D
Running on x64 OS in x64 architecture, .NET 7.0.7 under Linux 6.2.0-1011-azure #11~22.04.1-Ubuntu SMP Wed Aug 23 19:26:19 UTC 2023
06:16:21.227 |I| --LOGLOG--                     | :1                             | Removed omnipresent logger with type [JetBrains.Util.Console.ConsoleLoggerListener] and level [INFO]

06:16:21.227 |I| --LOGLOG--                     | :1                             | Added omnipresent logger with type [JetBrains.ReSharperAutomationTools.CommandLine.Common.Console.Util.Logging.ConsoleToolLogger] and level [INFO]

06:16:21.394 |V| --LOGLOG:NativeMemoryPool--    | ClientSocket-MainWire-Sender:20 | New memory block allocated, size: 1,048,576 bytes, total allocated blocks: 1, used: 1

06:16:21.503 |I| --LOGLOG--                     | :1                             | Removed omnipresent logger with type [JetBrains.ReSharperAutomationTools.CommandLine.Common.Console.Util.Logging.ConsoleToolLogger] and level [INFO]

06:16:21.505 |I| --LOGLOG--                     | :1                             | Added omnipresent logger with type [JetBrains.Util.Console.ConsoleLoggerListener] and level [WARN]. Filters: <len=1>[JetBrains.Rider.Backend.Features.Loggers.RiderStderrThresholdFilter]

06:16:21.507 |I| --LOGLOG--                     | :1                             | Added omnipresent logger with type [JetBrains.Rider.Backend.Features.Loggers.LoggerHost] and level [INFO]

06:16:21.514 |I| --LOGLOG--                     | :1                             | Removed omnipresent logger with type [JetBrains.UI.Application.LogEventListener] and level [INFO]

06:16:23.010 |V| --LOGLOG:NativeMemoryPool--    | ClientSocket-MainWire-Sender:20 | New memory block allocated, size: 1,048,576 bytes, total allocated blocks: 2, used: 2

06:16:36.401 |V| --LOGLOG:UnsafeWriter--        | :1                             | Realloc UnsafeWriter, current: 1,048,576 bytes, new: 2,097,152

06:16:38.820 |V| --LOGLOG:UnsafeWriter--        | JetPool(S) #2:15               | Realloc UnsafeWriter, current: 1,048,576 bytes, new: 2,097,152

06:16:51.933 |I| --LOGLOG--                     | :1                             | Removed omnipresent logger with type [JetBrains.Rider.Backend.Features.Loggers.LoggerHost] and level [INFO]

06:16:52.084 |I| --LOGLOG--                     | :1                             | Removed omnipresent logger with type [JetBrains.Util.Console.ConsoleLoggerListener] and level [WARN]

