/opt/idea/lib/ReSharperHost/linux-x64/Rider.Backend --runtimeconfig /opt/idea/lib/ReSharperHost/Rider.Backend.netcore.runtimeconfig.json --Port=39373 --enablecpp
Warning: Primary thread didn't respond for 0.539sec (CurrentTask: 'DelayedInitializationStrategy.Dispatch: JetBrains.Application.Configuration.Upgrade.GlobalSettingsUpgrade') QueueSize=1
Warning: Primary thread was unresponsive for 0.539sec
Warning: Primary thread didn't respond for 0.572sec (CurrentTask: 'DelayedInitializationStrategy.Dispatch: JetBrains.ReSharper.Feature.Services.EditorConfig.EditorConfigOptionsExporter') QueueSize=1
Warning: Primary thread didn't respond for 0.775sec (CurrentTask: 'DelayedInitializationStrategy.Dispatch: JetBrains.ReSharper.Feature.Services.EditorConfig.EditorConfigOptionsExporter') QueueSize=1
Warning: Primary thread didn't respond for 0.975sec (CurrentTask: 'DelayedInitializationStrategy.Dispatch: JetBrains.ReSharper.Feature.Services.EditorConfig.EditorConfigOptionsExporter') QueueSize=1
Warning: Primary thread didn't respond for 1.172sec (CurrentTask: 'DelayedInitializationStrategy.Dispatch: JetBrains.ReSharper.Feature.Services.EditorConfig.EditorConfigOptionsExporter') QueueSize=2
Warning: Primary thread didn't respond for 1.374sec (CurrentTask: 'RdDispatcher::FlushAll::method=Void <DoDispatch>b__0() of JetBrains.Rd.Impl.MessageBroker+RdWireableDispatchHelper+<>c__DisplayClass12_0') QueueSize=2
Warning: DemoText for C# contains ''
Warning: DemoText for XAML contains ''
Warning: DemoText for C++ contains ''
Warning: DemoText for ReSharper Cg Highlighters contains ''
Warning: DemoText for ReSharper ShaderLab Highlighters contains ''
Warning: DemoText for Unity contains ''
Warning: Primary thread was unresponsive for 1.374sec
Warning: Primary thread didn't respond for 0.993sec (CurrentTask: 'DelayedInitializationStrategy.Dispatch: JetBrains.ReSharper.Feature.Services.CodeCleanup.HighlightingModule.HighlightingCleanupItemTable') QueueSize=0
Warning: Primary thread didn't respond for 1.195sec (CurrentTask: 'DelayedInitializationStrategy.Dispatch: JetBrains.ReSharper.Feature.Services.CodeCleanup.HighlightingModule.HighlightingCleanupItemTable') QueueSize=0
Warning: Primary thread was unresponsive for 1.195sec
Warning: No JetBrains.ExternalAnnotations packages found in the host Rider232
Warning: Primary thread didn't respond for 0.575sec (CurrentTask: 'DelayedInitializationStrategy.Dispatch: JetBrains.Rider.Backend.Features.ProjectModel.RiderSolutionWatcher') QueueSize=0
Warning: Primary thread didn't respond for 0.785sec (CurrentTask: 'DelayedInitializationStrategy.Dispatch: JetBrains.Rider.Backend.Features.ProjectModel.RiderSolutionWatcher') QueueSize=0
Warning: Primary thread didn't respond for 0.986sec (CurrentTask: 'DelayedInitializationStrategy.Dispatch: JetBrains.Rider.Backend.Features.ProjectModel.RiderSolutionWatcher') QueueSize=0
Warning: Primary thread didn't respond for 1.186sec (CurrentTask: 'DelayedInitializationStrategy.Dispatch: JetBrains.Rider.Backend.Features.ProjectModel.RiderSolutionWatcher') QueueSize=1
Warning: Primary thread didn't respond for 1.384sec (CurrentTask: 'DelayedInitializationStrategy.Dispatch: JetBrains.Rider.Backend.Features.ProjectModel.RiderSolutionWatcher') QueueSize=2
Warning: Primary thread didn't respond for 1.584sec (CurrentTask: 'DelayedInitializationStrategy.Dispatch: JetBrains.Rider.Backend.Features.ProjectModel.RiderSolutionWatcher') QueueSize=2
Warning: Primary thread didn't respond for 1.783sec (CurrentTask: 'DelayedInitializationStrategy.Dispatch: JetBrains.Rider.Backend.Features.ProjectModel.RiderSolutionWatcher') QueueSize=2
Warning: Primary thread didn't respond for 1.992sec (CurrentTask: 'DelayedInitializationStrategy.Dispatch: JetBrains.Rider.Backend.Features.ProjectModel.RiderSolutionWatcher') QueueSize=3
Warning: Primary thread didn't respond for 2.197sec (CurrentTask: 'DelayedInitializationStrategy.Dispatch: JetBrains.Rider.Backend.Features.ProjectModel.RiderSolutionWatcher') QueueSize=3
Warning: Primary thread didn't respond for 2.396sec (CurrentTask: 'DelayedInitializationStrategy.Dispatch: JetBrains.Rider.Backend.Features.ProjectModel.RiderSolutionWatcher') QueueSize=3
Warning: Primary thread was unresponsive for 2.396sec
Warning: Primary thread didn't respond for 0.578sec (CurrentTask: 'Create Solution Container Compose Task') QueueSize=1
Warning: Primary thread didn't respond for 0.776sec (CurrentTask: 'Create Solution Container Compose Task') QueueSize=1
Warning: Primary thread didn't respond for 0.979sec (CurrentTask: 'Create Solution Container Compose Task') QueueSize=1
Warning: Primary thread didn't respond for 1.178sec (CurrentTask: 'Create Solution Container Compose Task') QueueSize=1
Warning: Primary thread didn't respond for 1.376sec (CurrentTask: 'Create Solution Container Compose Task') QueueSize=1
Warning: Primary thread didn't respond for 1.579sec (CurrentTask: 'Create Solution Container Compose Task') QueueSize=1
Warning: Primary thread didn't respond for 1.776sec (CurrentTask: 'Create Solution Container Compose Task') QueueSize=2
Warning: Primary thread didn't respond for 2.008sec (CurrentTask: 'Create Solution Container Compose Task') QueueSize=2
Warning: Primary thread didn't respond for 2.233sec (CurrentTask: 'Create Solution Container Compose Task') QueueSize=3
Warning: Primary thread didn't respond for 2.432sec (CurrentTask: 'Create Solution Container Compose Task') QueueSize=3
Warning: Primary thread didn't respond for 2.632sec (CurrentTask: 'Create Solution Container Compose Task') QueueSize=3
Warning: Primary thread didn't respond for 2.833sec (CurrentTask: 'Create Solution Container Compose Task') QueueSize=3
Warning: Primary thread didn't respond for 3.034sec (CurrentTask: 'Create Solution Container Compose Task') QueueSize=3
Warning: Primary thread didn't respond for 3.232sec (CurrentTask: 'Create Solution Container Compose Task') QueueSize=3
Warning: Primary thread didn't respond for 3.431sec (CurrentTask: 'Create Solution Container Compose Task') QueueSize=3
Warning: Primary thread didn't respond for 3.632sec (CurrentTask: 'Create Solution Container Compose Task') QueueSize=3
Warning: Primary thread didn't respond for 3.832sec (CurrentTask: 'Create Solution Container Compose Task') QueueSize=3
Warning: Primary thread didn't respond for 4.032sec (CurrentTask: 'Create Solution Container Compose Task') QueueSize=3
Warning: Primary thread didn't respond for 4.234sec (CurrentTask: 'Create Solution Container Compose Task') QueueSize=3
Warning: Primary thread didn't respond for 4.434sec (CurrentTask: 'Create Solution Container Compose Task') QueueSize=3
Warning: Primary thread didn't respond for 4.634sec (CurrentTask: 'Create Solution Container Compose Task') QueueSize=4
Warning: Primary thread didn't respond for 4.831sec (CurrentTask: 'Create Solution Container Compose Task') QueueSize=5
Warning: Primary thread didn't respond for 5.034sec (CurrentTask: 'Create Solution Container Compose Task') QueueSize=7
Warning: Primary thread didn't respond for 5.232sec (CurrentTask: 'Create Solution Container Compose Task') QueueSize=7
Warning: Primary thread didn't respond for 5.431sec (CurrentTask: 'Create Solution Container Compose Task') QueueSize=7
Warning: Primary thread didn't respond for 5.632sec (CurrentTask: 'Create Solution Container Compose Task') QueueSize=7
Warning: Primary thread didn't respond for 5.837sec (CurrentTask: 'Create Solution Container Compose Task') QueueSize=7
Warning: Primary thread didn't respond for 6.036sec (CurrentTask: 'Create Solution Container Compose Task') QueueSize=7
Warning: Primary thread didn't respond for 6.236sec (CurrentTask: 'Create Solution Container Compose Task') QueueSize=7
Warning: Primary thread didn't respond for 6.436sec (CurrentTask: 'Create Solution Container Compose Task') QueueSize=9
Warning: Primary thread didn't respond for 6.640sec (CurrentTask: 'Create Solution Container Compose Task') QueueSize=10
Warning: Primary thread didn't respond for 6.850sec (CurrentTask: 'Create Solution Container Compose Task') QueueSize=10
Warning: Primary thread didn't respond for 7.048sec (CurrentTask: 'Create Solution Container Compose Task') QueueSize=10
Warning: Primary thread didn't respond for 7.248sec (CurrentTask: 'Create Solution Container Compose Task') QueueSize=10
Warning: Primary thread didn't respond for 7.448sec (CurrentTask: 'Create Solution Container Compose Task') QueueSize=10
Warning: Primary thread didn't respond for 7.648sec (CurrentTask: 'Create Solution Container Compose Task') QueueSize=10
Warning: Primary thread didn't respond for 7.848sec (CurrentTask: 'Create Solution Container Compose Task') QueueSize=10
Warning: Primary thread didn't respond for 8.050sec (CurrentTask: 'Create Solution Container Compose Task') QueueSize=11
Warning: Primary thread didn't respond for 8.248sec (CurrentTask: 'Create Solution Container Compose Task') QueueSize=12
Warning: Primary thread didn't respond for 8.448sec (CurrentTask: 'Create Solution Container Compose Task') QueueSize=17
Warning: Primary thread didn't respond for 8.649sec (CurrentTask: 'Create Solution Container Compose Task') QueueSize=17
Warning: Primary thread didn't respond for 8.848sec (CurrentTask: 'Create Solution Container Compose Task') QueueSize=20
Warning: Primary thread didn't respond for 9.048sec (CurrentTask: 'Create Solution Container Compose Task') QueueSize=22
Warning: Primary thread didn't respond for 9.250sec (CurrentTask: 'Create Solution Container Compose Task') QueueSize=23
Warning: Primary thread didn't respond for 9.450sec (CurrentTask: 'Create Solution Container Compose Task') QueueSize=23
Warning: Primary thread didn't respond for 9.650sec (CurrentTask: 'Create Solution Container Compose Task') QueueSize=31
Warning: Primary thread didn't respond for 9.850sec (CurrentTask: 'Create Solution Container Compose Task') QueueSize=33
Warning: Primary thread didn't respond for 10.051sec (CurrentTask: 'Create Solution Container Compose Task') QueueSize=74
Warning: Primary thread didn't respond for 10.252sec (CurrentTask: 'Create Solution Container Compose Task') QueueSize=77
Warning: Primary thread was unresponsive for 10.252sec
Warning: Primary thread didn't respond for 0.513sec (CurrentTask: 'RdDispatcher::FlushAll::method=Void <DoDispatch>b__0() of JetBrains.Rd.Impl.MessageBroker+RdWireableDispatchHelper+<>c__DisplayClass12_0') QueueSize=87
Warning: Primary thread didn't respond for 0.710sec (CurrentTask: 'RdDispatcher::FlushAll::method=Void <DoDispatch>b__0() of JetBrains.Rd.Impl.MessageBroker+RdWireableDispatchHelper+<>c__DisplayClass12_0') QueueSize=87
Warning: Primary thread didn't respond for 0.912sec (CurrentTask: 'Update TODO patterns in protocol') QueueSize=17
Warning: Primary thread didn't respond for 1.112sec (CurrentTask: 'GroupingEventHost.ExecuteExpiredEvents') QueueSize=16
Warning: Primary thread was unresponsive for 1.112sec
Warning: Primary thread didn't respond for 0.505sec (CurrentTask: 'EnqueueInit') QueueSize=1
Warning: Primary thread didn't respond for 0.708sec (CurrentTask: 'EnqueueInit') QueueSize=1
Warning: Primary thread was unresponsive for 0.708sec
Warning: Primary thread didn't respond for 0.544sec (CurrentTask: 'DPA CreatePresentationScope') QueueSize=7
Warning: Primary thread didn't respond for 0.748sec (CurrentTask: 'DPA CreatePresentationScope') QueueSize=8
Warning: Primary thread was unresponsive for 0.748sec
Warning: Primary thread didn't respond for 0.697sec (CurrentTask: 'PriorityRdDispatcher') QueueSize=4
Warning: Primary thread was unresponsive for 0.697sec
