/opt/idea/lib/ReSharperHost/linux-x64/Rider.Backend --runtimeconfig /opt/idea/lib/ReSharperHost/Rider.Backend.netcore.runtimeconfig.json --Port=46639 --enablecpp
Warning: Primary thread didn't respond for 0.527sec (CurrentTask: 'DelayedInitializationStrategy.Dispatch: JetBrains.ReSharper.Feature.Services.EditorConfig.EditorConfigOptionsExporter') QueueSize=2
Warning: Primary thread was unresponsive for 0.527sec
Warning: No JetBrains.ExternalAnnotations packages found in the host Rider232
Warning: Primary thread didn't respond for 0.582sec (CurrentTask: 'DelayedInitializationStrategy.Dispatch: JetBrains.ReSharper.UnitTestFramework.Execution.Hosting.UnitTestHost') QueueSize=1
Warning: Primary thread didn't respond for 0.782sec (CurrentTask: 'DelayedInitializationStrategy.Dispatch: JetBrains.ReSharper.UnitTestFramework.Execution.Hosting.UnitTestHost') QueueSize=1
Warning: Primary thread was unresponsive for 0.782sec
Warning: DemoText for C# contains ''
Warning: DemoText for XAML contains ''
Warning: DemoText for C++ contains ''
Warning: DemoText for ReSharper Cg Highlighters contains ''
Warning: DemoText for ReSharper ShaderLab Highlighters contains ''
Warning: DemoText for Unity contains ''
Warning: Primary thread didn't respond for 0.517sec (CurrentTask: 'DelayedInitializationStrategy.Dispatch: JetBrains.Rider.Backend.Features.ProjectModel.RiderSolutionWatcher') QueueSize=0
Warning: Primary thread didn't respond for 0.717sec (CurrentTask: 'DelayedInitializationStrategy.Dispatch: JetBrains.Rider.Backend.Features.ProjectModel.RiderSolutionWatcher') QueueSize=0
Warning: Primary thread didn't respond for 0.927sec (CurrentTask: 'DelayedInitializationStrategy.Dispatch: JetBrains.Rider.Backend.Features.ProjectModel.RiderSolutionWatcher') QueueSize=0
Warning: Primary thread didn't respond for 1.126sec (CurrentTask: 'DelayedInitializationStrategy.Dispatch: JetBrains.Rider.Backend.Features.ProjectModel.RiderSolutionWatcher') QueueSize=0
Warning: Primary thread didn't respond for 1.328sec (CurrentTask: 'DelayedInitializationStrategy.Dispatch: JetBrains.Rider.Backend.Features.ProjectModel.RiderSolutionWatcher') QueueSize=1
Warning: Primary thread didn't respond for 1.532sec (CurrentTask: 'DelayedInitializationStrategy.Dispatch: JetBrains.Rider.Backend.Features.ProjectModel.RiderSolutionWatcher') QueueSize=2
Warning: Primary thread didn't respond for 1.734sec (CurrentTask: 'DelayedInitializationStrategy.Dispatch: JetBrains.Rider.Backend.Features.ProjectModel.RiderSolutionWatcher') QueueSize=2
Warning: Primary thread didn't respond for 1.935sec (CurrentTask: 'DelayedInitializationStrategy.Dispatch: JetBrains.Rider.Backend.Features.ProjectModel.RiderSolutionWatcher') QueueSize=3
Warning: Primary thread was unresponsive for 1.935sec
Warning: Primary thread didn't respond for 0.687sec (CurrentTask: 'Create Solution Container Compose Task') QueueSize=1
Warning: Primary thread didn't respond for 0.888sec (CurrentTask: 'Create Solution Container Compose Task') QueueSize=1
Warning: Primary thread didn't respond for 1.088sec (CurrentTask: 'Create Solution Container Compose Task') QueueSize=3
Warning: Primary thread didn't respond for 1.297sec (CurrentTask: 'Create Solution Container Compose Task') QueueSize=3
Warning: Primary thread didn't respond for 1.497sec (CurrentTask: 'Create Solution Container Compose Task') QueueSize=3
Warning: Primary thread didn't respond for 1.700sec (CurrentTask: 'Create Solution Container Compose Task') QueueSize=3
Warning: Primary thread didn't respond for 1.897sec (CurrentTask: 'Create Solution Container Compose Task') QueueSize=3
Warning: Primary thread didn't respond for 2.100sec (CurrentTask: 'Create Solution Container Compose Task') QueueSize=3
Warning: Primary thread didn't respond for 2.298sec (CurrentTask: 'Create Solution Container Compose Task') QueueSize=3
Warning: Primary thread didn't respond for 2.497sec (CurrentTask: 'Create Solution Container Compose Task') QueueSize=3
Warning: Primary thread didn't respond for 2.697sec (CurrentTask: 'Create Solution Container Compose Task') QueueSize=3
Warning: Primary thread didn't respond for 2.957sec (CurrentTask: 'Create Solution Container Compose Task') QueueSize=3
Warning: Primary thread didn't respond for 3.160sec (CurrentTask: 'Create Solution Container Compose Task') QueueSize=3
Warning: Primary thread didn't respond for 3.359sec (CurrentTask: 'Create Solution Container Compose Task') QueueSize=3
Warning: Primary thread didn't respond for 3.558sec (CurrentTask: 'Create Solution Container Compose Task') QueueSize=3
Warning: Primary thread didn't respond for 3.759sec (CurrentTask: 'Create Solution Container Compose Task') QueueSize=4
Warning: Primary thread didn't respond for 3.958sec (CurrentTask: 'Create Solution Container Compose Task') QueueSize=7
Warning: Primary thread didn't respond for 4.157sec (CurrentTask: 'Create Solution Container Compose Task') QueueSize=7
Warning: Primary thread didn't respond for 4.357sec (CurrentTask: 'Create Solution Container Compose Task') QueueSize=7
Warning: Primary thread didn't respond for 4.559sec (CurrentTask: 'Create Solution Container Compose Task') QueueSize=7
Warning: Primary thread didn't respond for 4.760sec (CurrentTask: 'Create Solution Container Compose Task') QueueSize=10
Warning: Primary thread didn't respond for 4.959sec (CurrentTask: 'Create Solution Container Compose Task') QueueSize=10
Warning: Primary thread didn't respond for 5.157sec (CurrentTask: 'Create Solution Container Compose Task') QueueSize=10
Warning: Primary thread didn't respond for 5.357sec (CurrentTask: 'Create Solution Container Compose Task') QueueSize=10
Warning: Primary thread didn't respond for 5.559sec (CurrentTask: 'Create Solution Container Compose Task') QueueSize=10
Warning: Primary thread didn't respond for 5.758sec (CurrentTask: 'Create Solution Container Compose Task') QueueSize=10
Warning: Primary thread didn't respond for 5.958sec (CurrentTask: 'Create Solution Container Compose Task') QueueSize=10
Warning: Primary thread didn't respond for 6.157sec (CurrentTask: 'Create Solution Container Compose Task') QueueSize=10
Warning: Primary thread didn't respond for 6.359sec (CurrentTask: 'Create Solution Container Compose Task') QueueSize=10
Warning: Primary thread didn't respond for 6.560sec (CurrentTask: 'Create Solution Container Compose Task') QueueSize=10
Warning: Primary thread didn't respond for 6.760sec (CurrentTask: 'Create Solution Container Compose Task') QueueSize=10
Warning: Primary thread didn't respond for 6.961sec (CurrentTask: 'Create Solution Container Compose Task') QueueSize=11
Warning: Primary thread didn't respond for 7.167sec (CurrentTask: 'Create Solution Container Compose Task') QueueSize=11
Warning: Primary thread didn't respond for 7.365sec (CurrentTask: 'Create Solution Container Compose Task') QueueSize=11
Warning: Primary thread didn't respond for 7.565sec (CurrentTask: 'Create Solution Container Compose Task') QueueSize=13
Warning: Primary thread didn't respond for 7.765sec (CurrentTask: 'Create Solution Container Compose Task') QueueSize=14
Warning: Primary thread didn't respond for 7.967sec (CurrentTask: 'Create Solution Container Compose Task') QueueSize=17
Warning: Primary thread didn't respond for 8.167sec (CurrentTask: 'Create Solution Container Compose Task') QueueSize=17
Warning: Primary thread didn't respond for 8.367sec (CurrentTask: 'Create Solution Container Compose Task') QueueSize=18
Warning: Primary thread didn't respond for 8.565sec (CurrentTask: 'Create Solution Container Compose Task') QueueSize=20
Warning: Primary thread didn't respond for 8.765sec (CurrentTask: 'Create Solution Container Compose Task') QueueSize=23
Warning: Primary thread didn't respond for 8.968sec (CurrentTask: 'Create Solution Container Compose Task') QueueSize=23
Warning: Primary thread didn't respond for 9.167sec (CurrentTask: 'Create Solution Container Compose Task') QueueSize=30
Warning: Primary thread didn't respond for 9.365sec (CurrentTask: 'Create Solution Container Compose Task') QueueSize=31
Warning: Primary thread didn't respond for 9.565sec (CurrentTask: 'Create Solution Container Compose Task') QueueSize=75
Warning: Primary thread didn't respond for 9.766sec (CurrentTask: 'Create Solution Container Compose Task') QueueSize=79
Warning: Primary thread was unresponsive for 9.766sec
Warning: Primary thread didn't respond for 0.552sec (CurrentTask: 'RdDispatcher::FlushAll::method=Void <DoDispatch>b__0() of JetBrains.Rd.Impl.MessageBroker+RdWireableDispatchHelper+<>c__DisplayClass12_0') QueueSize=88
Warning: Primary thread didn't respond for 0.754sec (CurrentTask: 'SetValue(Boolean::(SolutionAnalysisConfiguration.Pause::AreEmpty.Not) OR (SolutionAnalysisConfiguration.Enabled.Not))') QueueSize=85
Warning: Primary thread didn't respond for 0.952sec (CurrentTask: 'Update TODO patterns in protocol') QueueSize=22
Warning: Primary thread didn't respond for 1.152sec (CurrentTask: 'GroupingEventHost.ExecuteExpiredEvents') QueueSize=19
Warning: Primary thread was unresponsive for 1.152sec
Warning: Primary thread didn't respond for 0.533sec (CurrentTask: 'DPA CreatePresentationScope') QueueSize=7
Warning: Primary thread was unresponsive for 0.533sec
Warning: Primary thread didn't respond for 0.599sec (CurrentTask: 'PriorityRdDispatcher') QueueSize=4
Warning: Primary thread was unresponsive for 0.599sec
