Rider Entry Point...
06:33:46.715 |I| ProcessWatchdog                | WatchParentPid:11:4            | Monitoring parent process PID:11
06:33:46.778 |I| --LOGLOG--                     | :1                             | Added omnipresent logger with type [JetBrains.UI.Application.LogEventListener] and level [INFO]

06:33:46.870 |V| --LOGLOG:NativeMemoryPool--    | :1                             | New memory block allocated, size: 1,048,576 bytes, total allocated blocks: 0, used: 0

06:33:46.968 |I| --LOGLOG--                     | :1                             | Initializing LogManager with path=/opt/idea/bin/backend-log.xml, subconfiguration=Debug

06:33:46.982 |I| --LOGLOG--                     | :1                             | Listening of folder /opt/idea/bin is DISABLED. Platform: Linux.

06:33:46.998 |I| --LOGLOG--                     | :1                             | Reconfigure logger, ReadBinary=[False], Subconf=[Debug], Xml=/opt/idea/bin/backend-log.xml

JetBrains Rider 2023.2 EAP 9 D 
Running in .NET Core v7.0.7 x64 runtime
06:33:47.248 |I| --LOGLOG--                     | :1                             | Added omnipresent logger with type [JetBrains.Util.Console.ConsoleLoggerListener] and level [INFO]

06:33:48.007 |V| --LOGLOG:NativeMemoryPool--    | StaExecutor:9                  | New memory block allocated, size: 1,048,576 bytes, total allocated blocks: 1, used: 1

JetBrains Rider 2023.2 EAP 9 D
Running on x64 OS in x64 architecture, .NET 7.0.7 under Linux 6.2.0-1012-azure #12~22.04.1-Ubuntu SMP Thu Sep  7 14:07:14 UTC 2023
06:33:49.434 |I| --LOGLOG--                     | :1                             | Removed omnipresent logger with type [JetBrains.Util.Console.ConsoleLoggerListener] and level [INFO]

06:33:49.455 |I| --LOGLOG--                     | :1                             | Added omnipresent logger with type [JetBrains.ReSharperAutomationTools.CommandLine.Common.Console.Util.Logging.ConsoleToolLogger] and level [INFO]

06:33:49.544 |I| --LOGLOG--                     | :1                             | Removed omnipresent logger with type [JetBrains.ReSharperAutomationTools.CommandLine.Common.Console.Util.Logging.ConsoleToolLogger] and level [INFO]

06:33:49.544 |I| --LOGLOG--                     | :1                             | Added omnipresent logger with type [JetBrains.Util.Console.ConsoleLoggerListener] and level [WARN]. Filters: <len=1>[JetBrains.Rider.Backend.Features.Loggers.RiderStderrThresholdFilter]

06:33:49.544 |I| --LOGLOG--                     | :1                             | Added omnipresent logger with type [JetBrains.Rider.Backend.Features.Loggers.LoggerHost] and level [INFO]

06:33:49.545 |I| --LOGLOG--                     | :1                             | Removed omnipresent logger with type [JetBrains.UI.Application.LogEventListener] and level [INFO]

06:34:11.446 |V| --LOGLOG:UnsafeWriter--        | :1                             | Realloc UnsafeWriter, current: 1,048,576 bytes, new: 2,097,152

06:34:11.547 |V| --LOGLOG:NativeMemoryPool--    | ClientSocket-MainWire-Sender:20 | New memory block allocated, size: 1,048,576 bytes, total allocated blocks: 2, used: 2

06:34:13.740 |V| --LOGLOG:UnsafeWriter--        | JetPool(S) #1:14               | Realloc UnsafeWriter, current: 1,048,576 bytes, new: 2,097,152

06:34:27.845 |I| --LOGLOG--                     | :1                             | Removed omnipresent logger with type [JetBrains.Rider.Backend.Features.Loggers.LoggerHost] and level [INFO]

06:34:28.041 |I| --LOGLOG--                     | :1                             | Removed omnipresent logger with type [JetBrains.Util.Console.ConsoleLoggerListener] and level [WARN]

