Rider Entry Point...
09:12:39.882 |I| ProcessWatchdog                | WatchParentPid:11:4            | Monitoring parent process PID:11
09:12:39.954 |I| --LOGLOG--                     | :1                             | Added omnipresent logger with type [JetBrains.UI.Application.LogEventListener] and level [INFO]

09:12:40.033 |V| --LOGLOG:NativeMemoryPool--    | :1                             | New memory block allocated, size: 1,048,576 bytes, total allocated blocks: 0, used: 0

09:12:40.104 |I| --LOGLOG--                     | :1                             | Initializing LogManager with path=/opt/idea/bin/backend-log.xml, subconfiguration=Debug

09:12:40.110 |I| --LOGLOG--                     | :1                             | Listening of folder /opt/idea/bin is DISABLED. Platform: Linux.

09:12:40.128 |I| --LOGLOG--                     | :1                             | Reconfigure logger, ReadBinary=[False], Subconf=[Debug], Xml=/opt/idea/bin/backend-log.xml

JetBrains Rider 2023.2 EAP 9 D 
Running in .NET Core v7.0.7 x64 runtime
09:12:40.339 |I| --LOGLOG--                     | :1                             | Added omnipresent logger with type [JetBrains.Util.Console.ConsoleLoggerListener] and level [INFO]

JetBrains Rider 2023.2 EAP 9 D
Running on x64 OS in x64 architecture, .NET 7.0.7 under Linux 5.15.0-1041-azure #48-Ubuntu SMP Tue Jun 20 20:34:08 UTC 2023
09:12:42.528 |I| --LOGLOG--                     | :1                             | Removed omnipresent logger with type [JetBrains.Util.Console.ConsoleLoggerListener] and level [INFO]

09:12:42.528 |I| --LOGLOG--                     | :1                             | Added omnipresent logger with type [JetBrains.ReSharperAutomationTools.CommandLine.Common.Console.Util.Logging.ConsoleToolLogger] and level [INFO]

09:12:42.580 |V| --LOGLOG:NativeMemoryPool--    | ClientSocket-MainWire-Receiver:22 | New memory block allocated, size: 1,048,576 bytes, total allocated blocks: 1, used: 1

09:12:42.624 |I| --LOGLOG--                     | :1                             | Removed omnipresent logger with type [JetBrains.ReSharperAutomationTools.CommandLine.Common.Console.Util.Logging.ConsoleToolLogger] and level [INFO]

09:12:42.624 |I| --LOGLOG--                     | :1                             | Added omnipresent logger with type [JetBrains.Util.Console.ConsoleLoggerListener] and level [WARN]. Filters: <len=1>[JetBrains.Rider.Backend.Features.Loggers.RiderStderrThresholdFilter]

09:12:42.625 |I| --LOGLOG--                     | :1                             | Added omnipresent logger with type [JetBrains.Rider.Backend.Features.Loggers.LoggerHost] and level [INFO]

09:12:42.625 |I| --LOGLOG--                     | :1                             | Removed omnipresent logger with type [JetBrains.UI.Application.LogEventListener] and level [INFO]

09:12:44.092 |V| --LOGLOG:NativeMemoryPool--    | ClientSocket-MainWire-Sender:21 | New memory block allocated, size: 1,048,576 bytes, total allocated blocks: 2, used: 2

09:13:03.674 |V| --LOGLOG:UnsafeWriter--        | :1                             | Realloc UnsafeWriter, current: 1,048,576 bytes, new: 2,097,152

09:13:04.344 |V| --LOGLOG:NativeMemoryPool--    | JetPool(S) #2:15               | New memory block allocated, size: 1,048,576 bytes, total allocated blocks: 3, used: 3

09:13:08.973 |V| --LOGLOG:UnsafeWriter--        | JetPool(S) #1:14               | Realloc UnsafeWriter, current: 1,048,576 bytes, new: 2,097,152

09:13:26.046 |V| --LOGLOG:UnsafeWriter--        | :1                             | Realloc UnsafeWriter, current: 1,048,576 bytes, new: 4,194,304

09:13:29.316 |I| --LOGLOG--                     | :1                             | Removed omnipresent logger with type [JetBrains.Rider.Backend.Features.Loggers.LoggerHost] and level [INFO]

