/opt/idea/lib/ReSharperHost/linux-x64/Rider.Backend --runtimeconfig /opt/idea/lib/ReSharperHost/Rider.Backend.netcore.runtimeconfig.json --Port=40043 --enablecpp
Warning: DemoText for C# contains ''
Warning: DemoText for XAML contains ''
Warning: DemoText for C++ contains ''
Warning: DemoText for ReSharper Cg Highlighters contains ''
Warning: DemoText for ReSharper ShaderLab Highlighters contains ''
Warning: DemoText for Unity contains ''
Warning: No JetBrains.ExternalAnnotations packages found in the host Rider232
Warning: Primary thread didn't respond for 0.603sec (CurrentTask: 'RdDispatcher::FlushAll::method=Void <DoDispatch>b__0() of JetBrains.Rd.Impl.MessageBroker+RdWireableDispatchHelper+<>c__DisplayClass12_0') QueueSize=0
Warning: Primary thread didn't respond for 0.806sec (CurrentTask: 'RdDispatcher::FlushAll::method=Void <DoDispatch>b__0() of JetBrains.Rd.Impl.MessageBroker+RdWireableDispatchHelper+<>c__DisplayClass12_0') QueueSize=1
Warning: Primary thread didn't respond for 1.006sec (CurrentTask: 'RdDispatcher::FlushAll::method=Void <DoDispatch>b__0() of JetBrains.Rd.Impl.MessageBroker+RdWireableDispatchHelper+<>c__DisplayClass12_0') QueueSize=2
Warning: Primary thread didn't respond for 1.203sec (CurrentTask: 'RdDispatcher::FlushAll::method=Void <DoDispatch>b__0() of JetBrains.Rd.Impl.MessageBroker+RdWireableDispatchHelper+<>c__DisplayClass12_0') QueueSize=2
Warning: Primary thread didn't respond for 1.405sec (CurrentTask: 'RdDispatcher::FlushAll::method=Void <DoDispatch>b__0() of JetBrains.Rd.Impl.MessageBroker+RdWireableDispatchHelper+<>c__DisplayClass12_0') QueueSize=2
Warning: Primary thread didn't respond for 1.606sec (CurrentTask: 'RdDispatcher::FlushAll::method=Void <DoDispatch>b__0() of JetBrains.Rd.Impl.MessageBroker+RdWireableDispatchHelper+<>c__DisplayClass12_0') QueueSize=2
Warning: Primary thread didn't respond for 1.805sec (CurrentTask: 'RdDispatcher::FlushAll::method=Void <DoDispatch>b__0() of JetBrains.Rd.Impl.MessageBroker+RdWireableDispatchHelper+<>c__DisplayClass12_0') QueueSize=2
Warning: Primary thread was unresponsive for 1.805sec
Warning: Primary thread didn't respond for 0.630sec (CurrentTask: 'Create Solution Container Compose Task') QueueSize=5
Warning: Primary thread didn't respond for 0.940sec (CurrentTask: 'Create Solution Container Compose Task') QueueSize=5
Warning: Primary thread didn't respond for 1.182sec (CurrentTask: 'Create Solution Container Compose Task') QueueSize=5
Warning: Primary thread didn't respond for 1.524sec (CurrentTask: 'Create Solution Container Compose Task') QueueSize=5
Warning: Primary thread didn't respond for 1.727sec (CurrentTask: 'Create Solution Container Compose Task') QueueSize=6
Warning: Primary thread didn't respond for 1.927sec (CurrentTask: 'Create Solution Container Compose Task') QueueSize=6
Warning: Primary thread didn't respond for 2.127sec (CurrentTask: 'Create Solution Container Compose Task') QueueSize=6
Warning: Primary thread didn't respond for 2.328sec (CurrentTask: 'Create Solution Container Compose Task') QueueSize=6
Warning: Primary thread didn't respond for 2.532sec (CurrentTask: 'Create Solution Container Compose Task') QueueSize=6
Warning: Primary thread didn't respond for 2.732sec (CurrentTask: 'Create Solution Container Compose Task') QueueSize=7
Warning: Primary thread didn't respond for 2.935sec (CurrentTask: 'Create Solution Container Compose Task') QueueSize=7
Warning: Primary thread didn't respond for 3.135sec (CurrentTask: 'Create Solution Container Compose Task') QueueSize=7
Warning: Primary thread didn't respond for 3.335sec (CurrentTask: 'Create Solution Container Compose Task') QueueSize=7
Warning: Primary thread didn't respond for 3.535sec (CurrentTask: 'Create Solution Container Compose Task') QueueSize=7
Warning: Primary thread didn't respond for 3.737sec (CurrentTask: 'Create Solution Container Compose Task') QueueSize=7
Warning: Primary thread didn't respond for 3.939sec (CurrentTask: 'Create Solution Container Compose Task') QueueSize=7
Warning: Primary thread didn't respond for 4.136sec (CurrentTask: 'Create Solution Container Compose Task') QueueSize=7
Warning: Primary thread didn't respond for 4.336sec (CurrentTask: 'Create Solution Container Compose Task') QueueSize=7
Warning: Primary thread didn't respond for 4.540sec (CurrentTask: 'Create Solution Container Compose Task') QueueSize=8
Warning: Primary thread didn't respond for 4.740sec (CurrentTask: 'Create Solution Container Compose Task') QueueSize=8
Warning: Primary thread didn't respond for 4.942sec (CurrentTask: 'Create Solution Container Compose Task') QueueSize=9
Warning: Primary thread didn't respond for 5.140sec (CurrentTask: 'Create Solution Container Compose Task') QueueSize=11
Warning: Primary thread didn't respond for 5.344sec (CurrentTask: 'Create Solution Container Compose Task') QueueSize=11
Warning: Primary thread didn't respond for 5.545sec (CurrentTask: 'Create Solution Container Compose Task') QueueSize=11
Warning: Primary thread didn't respond for 5.746sec (CurrentTask: 'Create Solution Container Compose Task') QueueSize=11
Warning: Primary thread didn't respond for 5.944sec (CurrentTask: 'Create Solution Container Compose Task') QueueSize=11
Warning: Primary thread didn't respond for 6.160sec (CurrentTask: 'Create Solution Container Compose Task') QueueSize=11
Warning: Primary thread didn't respond for 6.361sec (CurrentTask: 'Create Solution Container Compose Task') QueueSize=11
Warning: Primary thread didn't respond for 6.571sec (CurrentTask: 'Create Solution Container Compose Task') QueueSize=11
Warning: Primary thread didn't respond for 6.771sec (CurrentTask: 'Create Solution Container Compose Task') QueueSize=12
Warning: Primary thread didn't respond for 6.971sec (CurrentTask: 'Create Solution Container Compose Task') QueueSize=15
Warning: Primary thread didn't respond for 7.203sec (CurrentTask: 'Create Solution Container Compose Task') QueueSize=15
Warning: Primary thread didn't respond for 7.400sec (CurrentTask: 'Create Solution Container Compose Task') QueueSize=15
Warning: Primary thread didn't respond for 7.601sec (CurrentTask: 'Create Solution Container Compose Task') QueueSize=15
Warning: Primary thread didn't respond for 7.800sec (CurrentTask: 'Create Solution Container Compose Task') QueueSize=15
Warning: Primary thread didn't respond for 8.006sec (CurrentTask: 'Create Solution Container Compose Task') QueueSize=15
Warning: Primary thread didn't respond for 8.204sec (CurrentTask: 'Create Solution Container Compose Task') QueueSize=15
Warning: Primary thread didn't respond for 8.404sec (CurrentTask: 'Create Solution Container Compose Task') QueueSize=15
Warning: Primary thread didn't respond for 8.604sec (CurrentTask: 'Create Solution Container Compose Task') QueueSize=15
Warning: Primary thread didn't respond for 8.807sec (CurrentTask: 'Create Solution Container Compose Task') QueueSize=15
Warning: Primary thread didn't respond for 9.007sec (CurrentTask: 'Create Solution Container Compose Task') QueueSize=16
Warning: Primary thread didn't respond for 9.207sec (CurrentTask: 'Create Solution Container Compose Task') QueueSize=16
Warning: Primary thread didn't respond for 9.409sec (CurrentTask: 'Create Solution Container Compose Task') QueueSize=19
Warning: Primary thread didn't respond for 9.608sec (CurrentTask: 'Create Solution Container Compose Task') QueueSize=19
Warning: Primary thread didn't respond for 9.813sec (CurrentTask: 'Create Solution Container Compose Task') QueueSize=20
Warning: Primary thread didn't respond for 10.013sec (CurrentTask: 'Create Solution Container Compose Task') QueueSize=22
Warning: Primary thread didn't respond for 10.212sec (CurrentTask: 'Create Solution Container Compose Task') QueueSize=23
Warning: Primary thread didn't respond for 10.413sec (CurrentTask: 'Create Solution Container Compose Task') QueueSize=25
Warning: Primary thread didn't respond for 10.614sec (CurrentTask: 'Create Solution Container Compose Task') QueueSize=25
Warning: Primary thread didn't respond for 10.817sec (CurrentTask: 'Create Solution Container Compose Task') QueueSize=28
Warning: Primary thread didn't respond for 11.020sec (CurrentTask: 'Create Solution Container Compose Task') QueueSize=28
Warning: Primary thread didn't respond for 11.217sec (CurrentTask: 'Create Solution Container Compose Task') QueueSize=36
Warning: Primary thread didn't respond for 11.418sec (CurrentTask: 'Create Solution Container Compose Task') QueueSize=36
Warning: Primary thread didn't respond for 11.626sec (CurrentTask: 'Create Solution Container Compose Task') QueueSize=80
Warning: Primary thread was unresponsive for 11.626sec
Warning: Primary thread didn't respond for 0.650sec (CurrentTask: 'RdDispatcher::FlushAll::method=Void <DoDispatch>b__0() of JetBrains.Rd.Impl.MessageBroker+RdWireableDispatchHelper+<>c__DisplayClass12_0') QueueSize=96
Warning: Primary thread didn't respond for 0.849sec (CurrentTask: 'Update project structure') QueueSize=90
Warning: Primary thread didn't respond for 1.048sec (CurrentTask: 'Schedule throwing initial change') QueueSize=21
Warning: Primary thread was unresponsive for 1.048sec
Warning: Primary thread didn't respond for 0.520sec (CurrentTask: 'Raise All Projects Added Task') QueueSize=29
Warning: Primary thread didn't respond for 0.721sec (CurrentTask: 'Raise All Projects Added Task') QueueSize=29
Warning: Primary thread didn't respond for 0.921sec (CurrentTask: 'Raise All Projects Added Task') QueueSize=29
Warning: Primary thread didn't respond for 1.120sec (CurrentTask: 'Raise All Projects Added Task') QueueSize=37
Warning: Primary thread didn't respond for 1.319sec (CurrentTask: 'Raise All Projects Added Task') QueueSize=37
Warning: Primary thread didn't respond for 1.519sec (CurrentTask: 'WriteActionScheduler::Schedule::OutputAssemblies') QueueSize=46
Warning: PersistentIndexManager was requested about missing file: GameMain.csproj
Warning: PersistentIndexManager was requested about missing file: Assignment.cs
Warning: PersistentIndexManager was requested about missing file: WorkerAssigner.cs
Warning: PersistentIndexManager was requested about missing file: WorkerConnector.cs
Warning: PersistentIndexManager was requested about missing file: WorkerReleaser.cs
Warning: PersistentIndexManager was requested about missing file: InGameContainer.cs
Warning: PersistentIndexManager was requested about missing file: IncreaseWorkerTask.cs
Warning: PersistentIndexManager was requested about missing file: Task_2f7cee7ddfe847859aafd1030d8f8bc4.cs
Warning: PersistentIndexManager was requested about missing file: Task_c30f2c718b344d0ab59c237e963d9798.cs
Warning: PersistentIndexManager was requested about missing file: SampleTask.cs
Warning: PersistentIndexManager was requested about missing file: GameRouter.cs
Warning: PersistentIndexManager was requested about missing file: GameMain.asmdef
Warning: PersistentIndexManager was requested about missing file: GameMain.csproj
Warning: PersistentIndexManager was requested about missing file: Assignment.cs
Warning: PersistentIndexManager was requested about missing file: WorkerAssigner.cs
Warning: PersistentIndexManager was requested about missing file: WorkerConnector.cs
Warning: PersistentIndexManager was requested about missing file: WorkerReleaser.cs
Warning: PersistentIndexManager was requested about missing file: InGameContainer.cs
Warning: PersistentIndexManager was requested about missing file: IncreaseWorkerTask.cs
Warning: PersistentIndexManager was requested about missing file: Task_2f7cee7ddfe847859aafd1030d8f8bc4.cs
Warning: PersistentIndexManager was requested about missing file: Task_c30f2c718b344d0ab59c237e963d9798.cs
Warning: PersistentIndexManager was requested about missing file: SampleTask.cs
Warning: PersistentIndexManager was requested about missing file: GameRouter.cs
Warning: PersistentIndexManager was requested about missing file: GameMain.asmdef
Warning: PersistentIndexManager was requested about missing file: GameMain.csproj
Warning: PersistentIndexManager was requested about missing file: Assignment.cs
Warning: PersistentIndexManager was requested about missing file: WorkerAssigner.cs
Warning: PersistentIndexManager was requested about missing file: WorkerConnector.cs
Warning: PersistentIndexManager was requested about missing file: WorkerReleaser.cs
Warning: PersistentIndexManager was requested about missing file: InGameContainer.cs
Warning: PersistentIndexManager was requested about missing file: IncreaseWorkerTask.cs
Warning: PersistentIndexManager was requested about missing file: Task_2f7cee7ddfe847859aafd1030d8f8bc4.cs
Warning: PersistentIndexManager was requested about missing file: Task_c30f2c718b344d0ab59c237e963d9798.cs
Warning: PersistentIndexManager was requested about missing file: SampleTask.cs
Warning: PersistentIndexManager was requested about missing file: GameRouter.cs
Warning: PersistentIndexManager was requested about missing file: GameMain.asmdef
Warning: PersistentIndexManager was requested about missing file: Module.Worker.csproj
Warning: PersistentIndexManager was requested about missing file: SpawnPoint.cs
Warning: PersistentIndexManager was requested about missing file: WorkerSpawner.cs
Warning: PersistentIndexManager was requested about missing file: WorkerCreateModel.cs
Warning: PersistentIndexManager was requested about missing file: SpawnParam.cs
Warning: PersistentIndexManager was requested about missing file: SpawnParam.json
Warning: PersistentIndexManager was requested about missing file: WorkerState.cs
Warning: PersistentIndexManager was requested about missing file: IWorkerState.cs
Warning: PersistentIndexManager was requested about missing file: FollowState.cs
Warning: PersistentIndexManager was requested about missing file: IdleState.cs
Warning: PersistentIndexManager was requested about missing file: WorkState.cs
Warning: PersistentIndexManager was requested about missing file: WorkerController.cs
Warning: PersistentIndexManager was requested about missing file: ActivePointProvider.cs
Warning: PersistentIndexManager was requested about missing file: WorkerAgent.cs
Warning: PersistentIndexManager was requested about missing file: Worker.cs
Warning: PersistentIndexManager was requested about missing file: Module.Worker.asmdef
Warning: PersistentIndexManager was requested about missing file: Module.Worker.csproj
Warning: PersistentIndexManager was requested about missing file: SpawnPoint.cs
Warning: PersistentIndexManager was requested about missing file: WorkerSpawner.cs
Warning: PersistentIndexManager was requested about missing file: WorkerCreateModel.cs
Warning: PersistentIndexManager was requested about missing file: SpawnParam.cs
Warning: PersistentIndexManager was requested about missing file: SpawnParam.json
Warning: PersistentIndexManager was requested about missing file: WorkerState.cs
Warning: PersistentIndexManager was requested about missing file: IWorkerState.cs
Warning: PersistentIndexManager was requested about missing file: FollowState.cs
Warning: PersistentIndexManager was requested about missing file: IdleState.cs
Warning: PersistentIndexManager was requested about missing file: WorkState.cs
Warning: PersistentIndexManager was requested about missing file: WorkerController.cs
Warning: PersistentIndexManager was requested about missing file: ActivePointProvider.cs
Warning: PersistentIndexManager was requested about missing file: WorkerAgent.cs
Warning: PersistentIndexManager was requested about missing file: Worker.cs
Warning: PersistentIndexManager was requested about missing file: Module.Worker.asmdef
Warning: PersistentIndexManager was requested about missing file: Module.Worker.csproj
Warning: PersistentIndexManager was requested about missing file: SpawnPoint.cs
Warning: PersistentIndexManager was requested about missing file: WorkerSpawner.cs
Warning: PersistentIndexManager was requested about missing file: WorkerCreateModel.cs
Warning: PersistentIndexManager was requested about missing file: SpawnParam.cs
Warning: PersistentIndexManager was requested about missing file: SpawnParam.json
Warning: PersistentIndexManager was requested about missing file: WorkerState.cs
Warning: PersistentIndexManager was requested about missing file: IWorkerState.cs
Warning: PersistentIndexManager was requested about missing file: FollowState.cs
Warning: PersistentIndexManager was requested about missing file: IdleState.cs
Warning: PersistentIndexManager was requested about missing file: WorkState.cs
Warning: PersistentIndexManager was requested about missing file: WorkerController.cs
Warning: PersistentIndexManager was requested about missing file: ActivePointProvider.cs
Warning: PersistentIndexManager was requested about missing file: WorkerAgent.cs
Warning: PersistentIndexManager was requested about missing file: Worker.cs
Warning: PersistentIndexManager was requested about missing file: Module.Worker.asmdef
Warning: PersistentIndexManager was requested about missing file: Core.Utility.csproj
Warning: PersistentIndexManager was requested about missing file: SpanUtility.cs
Warning: PersistentIndexManager was requested about missing file: ListSegment.cs
Warning: PersistentIndexManager was requested about missing file: Core.Utility.asmdef
Warning: PersistentIndexManager was requested about missing file: PlayerUtility.cs
Warning: PersistentIndexManager was requested about missing file: Core.Utility.csproj
Warning: PersistentIndexManager was requested about missing file: SpanUtility.cs
Warning: PersistentIndexManager was requested about missing file: ListSegment.cs
Warning: PersistentIndexManager was requested about missing file: Core.Utility.asmdef
Warning: PersistentIndexManager was requested about missing file: PlayerUtility.cs
Warning: PersistentIndexManager was requested about missing file: Core.Utility.csproj
Warning: PersistentIndexManager was requested about missing file: SpanUtility.cs
Warning: PersistentIndexManager was requested about missing file: ListSegment.cs
Warning: PersistentIndexManager was requested about missing file: Core.Utility.asmdef
Warning: PersistentIndexManager was requested about missing file: PlayerUtility.cs
Warning: PersistentIndexManager was requested about missing file: Editor.csproj
Warning: PersistentIndexManager was requested about missing file: TaskGenerator.cs
Warning: PersistentIndexManager was requested about missing file: NavMeshForceCleaner.cs
Warning: PersistentIndexManager was requested about missing file: Editor.asmdef
Warning: PersistentIndexManager was requested about missing file: Editor.csproj
Warning: PersistentIndexManager was requested about missing file: TaskGenerator.cs
Warning: PersistentIndexManager was requested about missing file: NavMeshForceCleaner.cs
Warning: PersistentIndexManager was requested about missing file: Editor.asmdef
Warning: PersistentIndexManager was requested about missing file: Editor.csproj
Warning: PersistentIndexManager was requested about missing file: TaskGenerator.cs
Warning: PersistentIndexManager was requested about missing file: NavMeshForceCleaner.cs
Warning: PersistentIndexManager was requested about missing file: Editor.asmdef
Warning: PersistentIndexManager was requested about missing file: Module.Player.csproj
Warning: PersistentIndexManager was requested about missing file: WaitState.cs
Warning: PersistentIndexManager was requested about missing file: IPlayerState.cs
Warning: PersistentIndexManager was requested about missing file: PlayerState.cs
Warning: PersistentIndexManager was requested about missing file: GoState.cs
Warning: PersistentIndexManager was requested about missing file: PauseState.cs
Warning: PersistentIndexManager was requested about missing file: PlayerController.cs
Warning: PersistentIndexManager was requested about missing file: CameraState.cs
Warning: PersistentIndexManager was requested about missing file: IdleState.cs
Warning: PersistentIndexManager was requested about missing file: IStateSystem.cs
Warning: PersistentIndexManager was requested about missing file: ICameraState.cs
Warning: PersistentIndexManager was requested about missing file: FollowState.cs
Warning: PersistentIndexManager was requested about missing file: CameraController.cs
Warning: PersistentIndexManager was requested about missing file: Module.Player.asmdef
Warning: PersistentIndexManager was requested about missing file: Module.Player.csproj
Warning: PersistentIndexManager was requested about missing file: WaitState.cs
Warning: PersistentIndexManager was requested about missing file: IPlayerState.cs
Warning: PersistentIndexManager was requested about missing file: PlayerState.cs
Warning: PersistentIndexManager was requested about missing file: GoState.cs
Warning: PersistentIndexManager was requested about missing file: PauseState.cs
Warning: PersistentIndexManager was requested about missing file: PlayerController.cs
Warning: PersistentIndexManager was requested about missing file: CameraState.cs
Warning: PersistentIndexManager was requested about missing file: IdleState.cs
Warning: PersistentIndexManager was requested about missing file: IStateSystem.cs
Warning: PersistentIndexManager was requested about missing file: ICameraState.cs
Warning: PersistentIndexManager was requested about missing file: FollowState.cs
Warning: PersistentIndexManager was requested about missing file: CameraController.cs
Warning: PersistentIndexManager was requested about missing file: Module.Player.asmdef
Warning: PersistentIndexManager was requested about missing file: Module.Player.csproj
Warning: PersistentIndexManager was requested about missing file: WaitState.cs
Warning: PersistentIndexManager was requested about missing file: IPlayerState.cs
Warning: PersistentIndexManager was requested about missing file: PlayerState.cs
Warning: PersistentIndexManager was requested about missing file: GoState.cs
Warning: PersistentIndexManager was requested about missing file: PauseState.cs
Warning: PersistentIndexManager was requested about missing file: PlayerController.cs
Warning: PersistentIndexManager was requested about missing file: CameraState.cs
Warning: PersistentIndexManager was requested about missing file: IdleState.cs
Warning: PersistentIndexManager was requested about missing file: IStateSystem.cs
Warning: PersistentIndexManager was requested about missing file: ICameraState.cs
Warning: PersistentIndexManager was requested about missing file: FollowState.cs
Warning: PersistentIndexManager was requested about missing file: CameraController.cs
Warning: PersistentIndexManager was requested about missing file: Module.Player.asmdef
Warning: PersistentIndexManager was requested about missing file: Core.Parameter.csproj
Warning: PersistentIndexManager was requested about missing file: CameraParam.cs
Warning: PersistentIndexManager was requested about missing file: GameParam.cs
Warning: PersistentIndexManager was requested about missing file: GameParam.json
Warning: PersistentIndexManager was requested about missing file: CameraParam.json
Warning: PersistentIndexManager was requested about missing file: Core.Parameter.asmdef
Warning: PersistentIndexManager was requested about missing file: Core.Parameter.csproj
Warning: PersistentIndexManager was requested about missing file: CameraParam.cs
Warning: PersistentIndexManager was requested about missing file: GameParam.cs
Warning: PersistentIndexManager was requested about missing file: GameParam.json
Warning: PersistentIndexManager was requested about missing file: CameraParam.json
Warning: PersistentIndexManager was requested about missing file: Core.Parameter.asmdef
Warning: PersistentIndexManager was requested about missing file: Core.Parameter.csproj
Warning: PersistentIndexManager was requested about missing file: CameraParam.cs
Warning: PersistentIndexManager was requested about missing file: GameParam.cs
Warning: PersistentIndexManager was requested about missing file: GameParam.json
Warning: PersistentIndexManager was requested about missing file: CameraParam.json
Warning: PersistentIndexManager was requested about missing file: Core.Parameter.asmdef
Warning: PersistentIndexManager was requested about missing file: Module.Task.csproj
Warning: PersistentIndexManager was requested about missing file: ITaskSystem.cs
Warning: PersistentIndexManager was requested about missing file: BaseTask.cs
Warning: PersistentIndexManager was requested about missing file: TaskDetector.cs
Warning: PersistentIndexManager was requested about missing file: TaskSystemLoop.cs
Warning: PersistentIndexManager was requested about missing file: TaskState.cs
Warning: PersistentIndexManager was requested about missing file: TaskUtil.cs
Warning: PersistentIndexManager was requested about missing file: Module.Task.asmdef
Warning: PersistentIndexManager was requested about missing file: Module.Task.csproj
Warning: PersistentIndexManager was requested about missing file: ITaskSystem.cs
Warning: PersistentIndexManager was requested about missing file: BaseTask.cs
Warning: PersistentIndexManager was requested about missing file: TaskDetector.cs
Warning: PersistentIndexManager was requested about missing file: TaskSystemLoop.cs
Warning: PersistentIndexManager was requested about missing file: TaskState.cs
Warning: PersistentIndexManager was requested about missing file: TaskUtil.cs
Warning: PersistentIndexManager was requested about missing file: Module.Task.asmdef
Warning: PersistentIndexManager was requested about missing file: Module.Task.csproj
Warning: PersistentIndexManager was requested about missing file: ITaskSystem.cs
Warning: PersistentIndexManager was requested about missing file: BaseTask.cs
Warning: PersistentIndexManager was requested about missing file: TaskDetector.cs
Warning: PersistentIndexManager was requested about missing file: TaskSystemLoop.cs
Warning: PersistentIndexManager was requested about missing file: TaskState.cs
Warning: PersistentIndexManager was requested about missing file: TaskUtil.cs
Warning: PersistentIndexManager was requested about missing file: Module.Task.asmdef
Warning: PersistentIndexManager was requested about missing file: Core.Model.csproj
Warning: PersistentIndexManager was requested about missing file: PlayerModel.cs
Warning: PersistentIndexManager was requested about missing file: CameraModel.cs
Warning: PersistentIndexManager was requested about missing file: Core.Model.asmdef
Warning: PersistentIndexManager was requested about missing file: Core.Model.csproj
Warning: PersistentIndexManager was requested about missing file: PlayerModel.cs
Warning: PersistentIndexManager was requested about missing file: CameraModel.cs
Warning: PersistentIndexManager was requested about missing file: Core.Model.asmdef
Warning: PersistentIndexManager was requested about missing file: Core.Model.csproj
Warning: PersistentIndexManager was requested about missing file: PlayerModel.cs
Warning: PersistentIndexManager was requested about missing file: CameraModel.cs
Warning: PersistentIndexManager was requested about missing file: Core.Model.asmdef
Warning: Found existing project file for /data/project/Assets/Scripts/Editor/Editor.asmdef with existing PSI source file (IsMiscProjectItem: False)
Warning: Found existing project file for /data/project/Assets/Scripts/Core/Utility/Core.Utility.asmdef with existing PSI source file (IsMiscProjectItem: False)
Warning: Found existing project file for /data/project/Assets/Scripts/Core/Parameter/Core.Parameter.asmdef with existing PSI source file (IsMiscProjectItem: False)
Warning: Found existing project file for /data/project/Assets/Scripts/Core/Model/Core.Model.asmdef with existing PSI source file (IsMiscProjectItem: False)
Warning: Found existing project file for /data/project/Assets/Scripts/GameMain/GameMain.asmdef with existing PSI source file (IsMiscProjectItem: False)
Warning: Found existing project file for /data/project/Assets/Scripts/Module/Working/Module.Worker.asmdef with existing PSI source file (IsMiscProjectItem: False)
Warning: Found existing project file for /data/project/Assets/Scripts/Module/Task/Module.Task.asmdef with existing PSI source file (IsMiscProjectItem: False)
Warning: Found existing project file for /data/project/Assets/Scripts/Module/Player/Module.Player.asmdef with existing PSI source file (IsMiscProjectItem: False)
Warning: Primary thread was unresponsive for 1.519sec
Warning: Primary thread didn't respond for 0.673sec (CurrentTask: 'Finish project model updating') QueueSize=9
Warning: Primary thread was unresponsive for 0.673sec
Warning: Primary thread didn't respond for 0.567sec (CurrentTask: 'ReentrancyGuardTaskScheduler::QueueTask::ReentrancyGuardTaskScheduler::QueueTask name=') QueueSize=5
Warning: Primary thread was unresponsive for 0.567sec
Warning: Primary thread didn't respond for 0.594sec (CurrentTask: 'PriorityRdDispatcher') QueueSize=7
Warning: Primary thread was unresponsive for 0.594sec
