/opt/idea/lib/ReSharperHost/linux-x64/Rider.Backend --runtimeconfig /opt/idea/lib/ReSharperHost/Rider.Backend.netcore.runtimeconfig.json --Port=37937 --enablecpp
Warning: DemoText for C# contains ''
Warning: DemoText for XAML contains ''
Warning: DemoText for C++ contains ''
Warning: DemoText for ReSharper Cg Highlighters contains ''
Warning: DemoText for ReSharper ShaderLab Highlighters contains ''
Warning: DemoText for Unity contains ''
Warning: No JetBrains.ExternalAnnotations packages found in the host Rider232
Warning: Primary thread didn't respond for 0.518sec (CurrentTask: 'RdDispatcher::FlushAll::method=Void <DoDispatch>b__0() of JetBrains.Rd.Impl.MessageBroker+RdWireableDispatchHelper+<>c__DisplayClass12_0') QueueSize=0
Warning: Primary thread didn't respond for 0.720sec (CurrentTask: 'RdDispatcher::FlushAll::method=Void <DoDispatch>b__0() of JetBrains.Rd.Impl.MessageBroker+RdWireableDispatchHelper+<>c__DisplayClass12_0') QueueSize=1
Warning: Primary thread didn't respond for 0.920sec (CurrentTask: 'RdDispatcher::FlushAll::method=Void <DoDispatch>b__0() of JetBrains.Rd.Impl.MessageBroker+RdWireableDispatchHelper+<>c__DisplayClass12_0') QueueSize=1
Warning: Primary thread didn't respond for 1.125sec (CurrentTask: 'RdDispatcher::FlushAll::method=Void <DoDispatch>b__0() of JetBrains.Rd.Impl.MessageBroker+RdWireableDispatchHelper+<>c__DisplayClass12_0') QueueSize=1
Warning: Primary thread didn't respond for 1.335sec (CurrentTask: 'RdDispatcher::FlushAll::method=Void <DoDispatch>b__0() of JetBrains.Rd.Impl.MessageBroker+RdWireableDispatchHelper+<>c__DisplayClass12_0') QueueSize=1
Warning: Primary thread didn't respond for 1.536sec (CurrentTask: 'RdDispatcher::FlushAll::method=Void <DoDispatch>b__0() of JetBrains.Rd.Impl.MessageBroker+RdWireableDispatchHelper+<>c__DisplayClass12_0') QueueSize=1
Warning: Primary thread didn't respond for 1.736sec (CurrentTask: 'RdDispatcher::FlushAll::method=Void <DoDispatch>b__0() of JetBrains.Rd.Impl.MessageBroker+RdWireableDispatchHelper+<>c__DisplayClass12_0') QueueSize=2
Warning: Primary thread didn't respond for 1.936sec (CurrentTask: 'RdDispatcher::FlushAll::method=Void <DoDispatch>b__0() of JetBrains.Rd.Impl.MessageBroker+RdWireableDispatchHelper+<>c__DisplayClass12_0') QueueSize=2
Warning: Primary thread didn't respond for 2.136sec (CurrentTask: 'RdDispatcher::FlushAll::method=Void <DoDispatch>b__0() of JetBrains.Rd.Impl.MessageBroker+RdWireableDispatchHelper+<>c__DisplayClass12_0') QueueSize=3
Warning: Primary thread didn't respond for 2.336sec (CurrentTask: 'RdDispatcher::FlushAll::method=Void <DoDispatch>b__0() of JetBrains.Rd.Impl.MessageBroker+RdWireableDispatchHelper+<>c__DisplayClass12_0') QueueSize=3
Warning: Primary thread didn't respond for 2.538sec (CurrentTask: 'RdDispatcher::FlushAll::method=Void <DoDispatch>b__0() of JetBrains.Rd.Impl.MessageBroker+RdWireableDispatchHelper+<>c__DisplayClass12_0') QueueSize=3
Warning: Primary thread didn't respond for 2.736sec (CurrentTask: 'RdDispatcher::FlushAll::method=Void <DoDispatch>b__0() of JetBrains.Rd.Impl.MessageBroker+RdWireableDispatchHelper+<>c__DisplayClass12_0') QueueSize=3
Warning: Primary thread didn't respond for 2.936sec (CurrentTask: 'RdDispatcher::FlushAll::method=Void <DoDispatch>b__0() of JetBrains.Rd.Impl.MessageBroker+RdWireableDispatchHelper+<>c__DisplayClass12_0') QueueSize=4
Warning: Primary thread was unresponsive for 2.936sec
Warning: Primary thread didn't respond for 0.598sec (CurrentTask: 'Create Solution Container Compose Task') QueueSize=3
Warning: Primary thread didn't respond for 1.011sec (CurrentTask: 'Create Solution Container Compose Task') QueueSize=3
Warning: Primary thread didn't respond for 1.213sec (CurrentTask: 'Create Solution Container Compose Task') QueueSize=3
Warning: Primary thread didn't respond for 1.412sec (CurrentTask: 'Create Solution Container Compose Task') QueueSize=3
Warning: Primary thread didn't respond for 1.614sec (CurrentTask: 'Create Solution Container Compose Task') QueueSize=3
Warning: Primary thread didn't respond for 1.814sec (CurrentTask: 'Create Solution Container Compose Task') QueueSize=3
Warning: Primary thread didn't respond for 2.017sec (CurrentTask: 'Create Solution Container Compose Task') QueueSize=4
Warning: Primary thread didn't respond for 2.306sec (CurrentTask: 'Create Solution Container Compose Task') QueueSize=4
Warning: Primary thread didn't respond for 2.506sec (CurrentTask: 'Create Solution Container Compose Task') QueueSize=4
Warning: Primary thread didn't respond for 2.708sec (CurrentTask: 'Create Solution Container Compose Task') QueueSize=4
Warning: Primary thread didn't respond for 2.927sec (CurrentTask: 'Create Solution Container Compose Task') QueueSize=4
Warning: Primary thread didn't respond for 3.130sec (CurrentTask: 'Create Solution Container Compose Task') QueueSize=5
Warning: Primary thread didn't respond for 3.330sec (CurrentTask: 'Create Solution Container Compose Task') QueueSize=5
Warning: Primary thread didn't respond for 3.530sec (CurrentTask: 'Create Solution Container Compose Task') QueueSize=5
Warning: Primary thread didn't respond for 3.733sec (CurrentTask: 'Create Solution Container Compose Task') QueueSize=5
Warning: Primary thread didn't respond for 3.930sec (CurrentTask: 'Create Solution Container Compose Task') QueueSize=5
Warning: Primary thread didn't respond for 4.133sec (CurrentTask: 'Create Solution Container Compose Task') QueueSize=5
Warning: Primary thread didn't respond for 4.330sec (CurrentTask: 'Create Solution Container Compose Task') QueueSize=5
Warning: Primary thread didn't respond for 4.530sec (CurrentTask: 'Create Solution Container Compose Task') QueueSize=5
Warning: Primary thread didn't respond for 4.732sec (CurrentTask: 'Create Solution Container Compose Task') QueueSize=5
Warning: Primary thread didn't respond for 4.932sec (CurrentTask: 'Create Solution Container Compose Task') QueueSize=5
Warning: Primary thread didn't respond for 5.141sec (CurrentTask: 'Create Solution Container Compose Task') QueueSize=5
Warning: Primary thread didn't respond for 5.344sec (CurrentTask: 'Create Solution Container Compose Task') QueueSize=5
Warning: Primary thread didn't respond for 5.542sec (CurrentTask: 'Create Solution Container Compose Task') QueueSize=5
Warning: Primary thread didn't respond for 5.745sec (CurrentTask: 'Create Solution Container Compose Task') QueueSize=5
Warning: Primary thread didn't respond for 6.034sec (CurrentTask: 'Create Solution Container Compose Task') QueueSize=6
Warning: Primary thread didn't respond for 6.238sec (CurrentTask: 'Create Solution Container Compose Task') QueueSize=6
Warning: Primary thread didn't respond for 6.440sec (CurrentTask: 'Create Solution Container Compose Task') QueueSize=8
Warning: Primary thread didn't respond for 6.641sec (CurrentTask: 'Create Solution Container Compose Task') QueueSize=9
Warning: Primary thread didn't respond for 6.840sec (CurrentTask: 'Create Solution Container Compose Task') QueueSize=9
Warning: Primary thread didn't respond for 7.040sec (CurrentTask: 'Create Solution Container Compose Task') QueueSize=9
Warning: Primary thread didn't respond for 7.255sec (CurrentTask: 'Create Solution Container Compose Task') QueueSize=9
Warning: Primary thread didn't respond for 7.454sec (CurrentTask: 'Create Solution Container Compose Task') QueueSize=9
Warning: Primary thread didn't respond for 7.674sec (CurrentTask: 'Create Solution Container Compose Task') QueueSize=9
Warning: Primary thread didn't respond for 7.874sec (CurrentTask: 'Create Solution Container Compose Task') QueueSize=9
Warning: Primary thread didn't respond for 8.074sec (CurrentTask: 'Create Solution Container Compose Task') QueueSize=10
Warning: Primary thread didn't respond for 8.274sec (CurrentTask: 'Create Solution Container Compose Task') QueueSize=11
Warning: Primary thread didn't respond for 8.476sec (CurrentTask: 'Create Solution Container Compose Task') QueueSize=13
Warning: Primary thread didn't respond for 8.674sec (CurrentTask: 'Create Solution Container Compose Task') QueueSize=13
Warning: Primary thread didn't respond for 8.874sec (CurrentTask: 'Create Solution Container Compose Task') QueueSize=13
Warning: Primary thread didn't respond for 9.086sec (CurrentTask: 'Create Solution Container Compose Task') QueueSize=13
Warning: Primary thread didn't respond for 9.288sec (CurrentTask: 'Create Solution Container Compose Task') QueueSize=13
Warning: Primary thread didn't respond for 9.488sec (CurrentTask: 'Create Solution Container Compose Task') QueueSize=13
Warning: Primary thread didn't respond for 9.687sec (CurrentTask: 'Create Solution Container Compose Task') QueueSize=13
Warning: Primary thread didn't respond for 9.889sec (CurrentTask: 'Create Solution Container Compose Task') QueueSize=13
Warning: Primary thread didn't respond for 10.088sec (CurrentTask: 'Create Solution Container Compose Task') QueueSize=13
Warning: Primary thread didn't respond for 10.288sec (CurrentTask: 'Create Solution Container Compose Task') QueueSize=13
Warning: Primary thread didn't respond for 10.490sec (CurrentTask: 'Create Solution Container Compose Task') QueueSize=13
Warning: Primary thread didn't respond for 10.695sec (CurrentTask: 'Create Solution Container Compose Task') QueueSize=13
Warning: Primary thread didn't respond for 10.898sec (CurrentTask: 'Create Solution Container Compose Task') QueueSize=13
Warning: Primary thread didn't respond for 11.098sec (CurrentTask: 'Create Solution Container Compose Task') QueueSize=13
Warning: Primary thread didn't respond for 11.301sec (CurrentTask: 'Create Solution Container Compose Task') QueueSize=13
Warning: Primary thread didn't respond for 11.509sec (CurrentTask: 'Create Solution Container Compose Task') QueueSize=13
Warning: Primary thread didn't respond for 11.706sec (CurrentTask: 'Create Solution Container Compose Task') QueueSize=13
Warning: Primary thread didn't respond for 11.906sec (CurrentTask: 'Create Solution Container Compose Task') QueueSize=13
Warning: Primary thread didn't respond for 12.106sec (CurrentTask: 'Create Solution Container Compose Task') QueueSize=14
Warning: Primary thread didn't respond for 12.306sec (CurrentTask: 'Create Solution Container Compose Task') QueueSize=14
Warning: Primary thread didn't respond for 12.511sec (CurrentTask: 'Create Solution Container Compose Task') QueueSize=16
Warning: Primary thread didn't respond for 12.710sec (CurrentTask: 'Create Solution Container Compose Task') QueueSize=17
Warning: Primary thread didn't respond for 12.911sec (CurrentTask: 'Create Solution Container Compose Task') QueueSize=20
Warning: Primary thread didn't respond for 13.112sec (CurrentTask: 'Create Solution Container Compose Task') QueueSize=20
Warning: Primary thread didn't respond for 13.312sec (CurrentTask: 'Create Solution Container Compose Task') QueueSize=21
Warning: Primary thread didn't respond for 13.510sec (CurrentTask: 'Create Solution Container Compose Task') QueueSize=23
Warning: Primary thread didn't respond for 13.712sec (CurrentTask: 'Create Solution Container Compose Task') QueueSize=26
Warning: Primary thread didn't respond for 13.913sec (CurrentTask: 'Create Solution Container Compose Task') QueueSize=26
Warning: Primary thread didn't respond for 14.112sec (CurrentTask: 'Create Solution Container Compose Task') QueueSize=26
Warning: Primary thread didn't respond for 14.312sec (CurrentTask: 'Create Solution Container Compose Task') QueueSize=33
Warning: Primary thread didn't respond for 14.511sec (CurrentTask: 'Create Solution Container Compose Task') QueueSize=34
Warning: Primary thread didn't respond for 14.712sec (CurrentTask: 'Create Solution Container Compose Task') QueueSize=37
Warning: Primary thread didn't respond for 14.912sec (CurrentTask: 'Create Solution Container Compose Task') QueueSize=78
Warning: Primary thread was unresponsive for 14.912sec
Warning: Primary thread didn't respond for 0.640sec (CurrentTask: 'RdDispatcher::FlushAll::method=Void <DoDispatch>b__0() of JetBrains.Rd.Impl.MessageBroker+RdWireableDispatchHelper+<>c__DisplayClass12_0') QueueSize=97
Warning: Primary thread didn't respond for 0.840sec (CurrentTask: 'SetValue(Boolean::(SolutionAnalysisConfiguration.Pause::AreEmpty.Not) OR (SolutionAnalysisConfiguration.Enabled.Not))') QueueSize=94
Warning: Primary thread didn't respond for 1.040sec (CurrentTask: 'GroupingEventHost.ExecuteExpiredEvents') QueueSize=29
Warning: Primary thread didn't respond for 1.240sec (CurrentTask: 'Update TODO patterns in protocol') QueueSize=23
Warning: Primary thread didn't respond for 1.440sec (CurrentTask: 'Schedule throwing initial change') QueueSize=20
Warning: Primary thread was unresponsive for 1.440sec
Warning: Primary thread didn't respond for 0.601sec (CurrentTask: 'Raise All Projects Added Task') QueueSize=29
Warning: Primary thread didn't respond for 0.801sec (CurrentTask: 'Raise All Projects Added Task') QueueSize=29
Warning: Primary thread didn't respond for 1.001sec (CurrentTask: 'Raise All Projects Added Task') QueueSize=37
Warning: Primary thread didn't respond for 1.200sec (CurrentTask: 'Raise All Projects Added Task') QueueSize=37
Warning: Primary thread didn't respond for 1.401sec (CurrentTask: 'Raise All Projects Added Task') QueueSize=37
Warning: Primary thread didn't respond for 1.601sec (CurrentTask: 'Raise All Projects Added Task') QueueSize=46
Warning: PersistentIndexManager was requested about missing file: GameMain.csproj
Warning: PersistentIndexManager was requested about missing file: Assignment.cs
Warning: PersistentIndexManager was requested about missing file: WorkerAssigner.cs
Warning: PersistentIndexManager was requested about missing file: WorkerConnector.cs
Warning: PersistentIndexManager was requested about missing file: WorkerReleaser.cs
Warning: PersistentIndexManager was requested about missing file: InGameContainer.cs
Warning: PersistentIndexManager was requested about missing file: IncreaseWorkerTask.cs
Warning: PersistentIndexManager was requested about missing file: Task_2f7cee7ddfe847859aafd1030d8f8bc4.cs
Warning: PersistentIndexManager was requested about missing file: Task_c30f2c718b344d0ab59c237e963d9798.cs
Warning: PersistentIndexManager was requested about missing file: SampleTask.cs
Warning: PersistentIndexManager was requested about missing file: GameRouter.cs
Warning: PersistentIndexManager was requested about missing file: GameMain.asmdef
Warning: PersistentIndexManager was requested about missing file: GameMain.csproj
Warning: PersistentIndexManager was requested about missing file: Assignment.cs
Warning: PersistentIndexManager was requested about missing file: WorkerAssigner.cs
Warning: PersistentIndexManager was requested about missing file: WorkerConnector.cs
Warning: PersistentIndexManager was requested about missing file: WorkerReleaser.cs
Warning: PersistentIndexManager was requested about missing file: InGameContainer.cs
Warning: PersistentIndexManager was requested about missing file: IncreaseWorkerTask.cs
Warning: PersistentIndexManager was requested about missing file: Task_2f7cee7ddfe847859aafd1030d8f8bc4.cs
Warning: PersistentIndexManager was requested about missing file: Task_c30f2c718b344d0ab59c237e963d9798.cs
Warning: PersistentIndexManager was requested about missing file: SampleTask.cs
Warning: PersistentIndexManager was requested about missing file: GameRouter.cs
Warning: PersistentIndexManager was requested about missing file: GameMain.asmdef
Warning: PersistentIndexManager was requested about missing file: GameMain.csproj
Warning: PersistentIndexManager was requested about missing file: Assignment.cs
Warning: PersistentIndexManager was requested about missing file: WorkerAssigner.cs
Warning: PersistentIndexManager was requested about missing file: WorkerConnector.cs
Warning: PersistentIndexManager was requested about missing file: WorkerReleaser.cs
Warning: PersistentIndexManager was requested about missing file: InGameContainer.cs
Warning: PersistentIndexManager was requested about missing file: IncreaseWorkerTask.cs
Warning: PersistentIndexManager was requested about missing file: Task_2f7cee7ddfe847859aafd1030d8f8bc4.cs
Warning: PersistentIndexManager was requested about missing file: Task_c30f2c718b344d0ab59c237e963d9798.cs
Warning: PersistentIndexManager was requested about missing file: SampleTask.cs
Warning: PersistentIndexManager was requested about missing file: GameRouter.cs
Warning: PersistentIndexManager was requested about missing file: GameMain.asmdef
Warning: PersistentIndexManager was requested about missing file: Module.Worker.csproj
Warning: PersistentIndexManager was requested about missing file: SpawnPoint.cs
Warning: PersistentIndexManager was requested about missing file: WorkerSpawner.cs
Warning: PersistentIndexManager was requested about missing file: WorkerCreateModel.cs
Warning: PersistentIndexManager was requested about missing file: SpawnParam.cs
Warning: PersistentIndexManager was requested about missing file: SpawnParam.json
Warning: PersistentIndexManager was requested about missing file: WorkerState.cs
Warning: PersistentIndexManager was requested about missing file: IWorkerState.cs
Warning: PersistentIndexManager was requested about missing file: FollowState.cs
Warning: PersistentIndexManager was requested about missing file: IdleState.cs
Warning: PersistentIndexManager was requested about missing file: WorkState.cs
Warning: PersistentIndexManager was requested about missing file: WorkerController.cs
Warning: PersistentIndexManager was requested about missing file: ActivePointProvider.cs
Warning: PersistentIndexManager was requested about missing file: WorkerAgent.cs
Warning: PersistentIndexManager was requested about missing file: Worker.cs
Warning: PersistentIndexManager was requested about missing file: Module.Worker.asmdef
Warning: PersistentIndexManager was requested about missing file: Module.Worker.csproj
Warning: PersistentIndexManager was requested about missing file: SpawnPoint.cs
Warning: PersistentIndexManager was requested about missing file: WorkerSpawner.cs
Warning: PersistentIndexManager was requested about missing file: WorkerCreateModel.cs
Warning: PersistentIndexManager was requested about missing file: SpawnParam.cs
Warning: PersistentIndexManager was requested about missing file: SpawnParam.json
Warning: PersistentIndexManager was requested about missing file: WorkerState.cs
Warning: PersistentIndexManager was requested about missing file: IWorkerState.cs
Warning: PersistentIndexManager was requested about missing file: FollowState.cs
Warning: PersistentIndexManager was requested about missing file: IdleState.cs
Warning: PersistentIndexManager was requested about missing file: WorkState.cs
Warning: PersistentIndexManager was requested about missing file: WorkerController.cs
Warning: PersistentIndexManager was requested about missing file: ActivePointProvider.cs
Warning: PersistentIndexManager was requested about missing file: WorkerAgent.cs
Warning: PersistentIndexManager was requested about missing file: Worker.cs
Warning: PersistentIndexManager was requested about missing file: Module.Worker.asmdef
Warning: PersistentIndexManager was requested about missing file: Module.Worker.csproj
Warning: PersistentIndexManager was requested about missing file: SpawnPoint.cs
Warning: PersistentIndexManager was requested about missing file: WorkerSpawner.cs
Warning: PersistentIndexManager was requested about missing file: WorkerCreateModel.cs
Warning: PersistentIndexManager was requested about missing file: SpawnParam.cs
Warning: PersistentIndexManager was requested about missing file: SpawnParam.json
Warning: PersistentIndexManager was requested about missing file: WorkerState.cs
Warning: PersistentIndexManager was requested about missing file: IWorkerState.cs
Warning: PersistentIndexManager was requested about missing file: FollowState.cs
Warning: PersistentIndexManager was requested about missing file: IdleState.cs
Warning: PersistentIndexManager was requested about missing file: WorkState.cs
Warning: PersistentIndexManager was requested about missing file: WorkerController.cs
Warning: PersistentIndexManager was requested about missing file: ActivePointProvider.cs
Warning: PersistentIndexManager was requested about missing file: WorkerAgent.cs
Warning: PersistentIndexManager was requested about missing file: Worker.cs
Warning: PersistentIndexManager was requested about missing file: Module.Worker.asmdef
Warning: PersistentIndexManager was requested about missing file: Core.Utility.csproj
Warning: PersistentIndexManager was requested about missing file: SpanUtility.cs
Warning: PersistentIndexManager was requested about missing file: ListSegment.cs
Warning: PersistentIndexManager was requested about missing file: Core.Utility.asmdef
Warning: PersistentIndexManager was requested about missing file: PlayerUtility.cs
Warning: PersistentIndexManager was requested about missing file: Core.Utility.csproj
Warning: PersistentIndexManager was requested about missing file: SpanUtility.cs
Warning: PersistentIndexManager was requested about missing file: ListSegment.cs
Warning: PersistentIndexManager was requested about missing file: Core.Utility.asmdef
Warning: PersistentIndexManager was requested about missing file: PlayerUtility.cs
Warning: PersistentIndexManager was requested about missing file: Core.Utility.csproj
Warning: PersistentIndexManager was requested about missing file: SpanUtility.cs
Warning: PersistentIndexManager was requested about missing file: ListSegment.cs
Warning: PersistentIndexManager was requested about missing file: Core.Utility.asmdef
Warning: PersistentIndexManager was requested about missing file: PlayerUtility.cs
Warning: PersistentIndexManager was requested about missing file: Editor.csproj
Warning: PersistentIndexManager was requested about missing file: TaskGenerator.cs
Warning: PersistentIndexManager was requested about missing file: NavMeshForceCleaner.cs
Warning: PersistentIndexManager was requested about missing file: Editor.asmdef
Warning: PersistentIndexManager was requested about missing file: Editor.csproj
Warning: PersistentIndexManager was requested about missing file: TaskGenerator.cs
Warning: PersistentIndexManager was requested about missing file: NavMeshForceCleaner.cs
Warning: PersistentIndexManager was requested about missing file: Editor.asmdef
Warning: PersistentIndexManager was requested about missing file: Editor.csproj
Warning: PersistentIndexManager was requested about missing file: TaskGenerator.cs
Warning: PersistentIndexManager was requested about missing file: NavMeshForceCleaner.cs
Warning: PersistentIndexManager was requested about missing file: Editor.asmdef
Warning: PersistentIndexManager was requested about missing file: Module.Player.csproj
Warning: PersistentIndexManager was requested about missing file: WaitState.cs
Warning: PersistentIndexManager was requested about missing file: IPlayerState.cs
Warning: PersistentIndexManager was requested about missing file: PlayerState.cs
Warning: PersistentIndexManager was requested about missing file: GoState.cs
Warning: PersistentIndexManager was requested about missing file: PauseState.cs
Warning: PersistentIndexManager was requested about missing file: PlayerController.cs
Warning: PersistentIndexManager was requested about missing file: CameraState.cs
Warning: PersistentIndexManager was requested about missing file: IdleState.cs
Warning: PersistentIndexManager was requested about missing file: IStateSystem.cs
Warning: PersistentIndexManager was requested about missing file: ICameraState.cs
Warning: PersistentIndexManager was requested about missing file: FollowState.cs
Warning: PersistentIndexManager was requested about missing file: CameraController.cs
Warning: PersistentIndexManager was requested about missing file: Module.Player.asmdef
Warning: PersistentIndexManager was requested about missing file: Module.Player.csproj
Warning: PersistentIndexManager was requested about missing file: WaitState.cs
Warning: PersistentIndexManager was requested about missing file: IPlayerState.cs
Warning: PersistentIndexManager was requested about missing file: PlayerState.cs
Warning: PersistentIndexManager was requested about missing file: GoState.cs
Warning: PersistentIndexManager was requested about missing file: PauseState.cs
Warning: PersistentIndexManager was requested about missing file: PlayerController.cs
Warning: PersistentIndexManager was requested about missing file: CameraState.cs
Warning: PersistentIndexManager was requested about missing file: IdleState.cs
Warning: PersistentIndexManager was requested about missing file: IStateSystem.cs
Warning: PersistentIndexManager was requested about missing file: ICameraState.cs
Warning: PersistentIndexManager was requested about missing file: FollowState.cs
Warning: PersistentIndexManager was requested about missing file: CameraController.cs
Warning: PersistentIndexManager was requested about missing file: Module.Player.asmdef
Warning: PersistentIndexManager was requested about missing file: Module.Player.csproj
Warning: PersistentIndexManager was requested about missing file: WaitState.cs
Warning: PersistentIndexManager was requested about missing file: IPlayerState.cs
Warning: PersistentIndexManager was requested about missing file: PlayerState.cs
Warning: PersistentIndexManager was requested about missing file: GoState.cs
Warning: PersistentIndexManager was requested about missing file: PauseState.cs
Warning: PersistentIndexManager was requested about missing file: PlayerController.cs
Warning: PersistentIndexManager was requested about missing file: CameraState.cs
Warning: PersistentIndexManager was requested about missing file: IdleState.cs
Warning: PersistentIndexManager was requested about missing file: IStateSystem.cs
Warning: PersistentIndexManager was requested about missing file: ICameraState.cs
Warning: PersistentIndexManager was requested about missing file: FollowState.cs
Warning: PersistentIndexManager was requested about missing file: CameraController.cs
Warning: PersistentIndexManager was requested about missing file: Module.Player.asmdef
Warning: PersistentIndexManager was requested about missing file: Core.Parameter.csproj
Warning: PersistentIndexManager was requested about missing file: CameraParam.cs
Warning: PersistentIndexManager was requested about missing file: GameParam.cs
Warning: PersistentIndexManager was requested about missing file: GameParam.json
Warning: PersistentIndexManager was requested about missing file: CameraParam.json
Warning: PersistentIndexManager was requested about missing file: Core.Parameter.asmdef
Warning: PersistentIndexManager was requested about missing file: Core.Parameter.csproj
Warning: PersistentIndexManager was requested about missing file: CameraParam.cs
Warning: PersistentIndexManager was requested about missing file: GameParam.cs
Warning: PersistentIndexManager was requested about missing file: GameParam.json
Warning: PersistentIndexManager was requested about missing file: CameraParam.json
Warning: PersistentIndexManager was requested about missing file: Core.Parameter.asmdef
Warning: PersistentIndexManager was requested about missing file: Core.Parameter.csproj
Warning: PersistentIndexManager was requested about missing file: CameraParam.cs
Warning: PersistentIndexManager was requested about missing file: GameParam.cs
Warning: PersistentIndexManager was requested about missing file: GameParam.json
Warning: PersistentIndexManager was requested about missing file: CameraParam.json
Warning: PersistentIndexManager was requested about missing file: Core.Parameter.asmdef
Warning: PersistentIndexManager was requested about missing file: Module.Task.csproj
Warning: PersistentIndexManager was requested about missing file: ITaskSystem.cs
Warning: PersistentIndexManager was requested about missing file: BaseTask.cs
Warning: PersistentIndexManager was requested about missing file: TaskDetector.cs
Warning: PersistentIndexManager was requested about missing file: TaskSystemLoop.cs
Warning: PersistentIndexManager was requested about missing file: TaskState.cs
Warning: PersistentIndexManager was requested about missing file: TaskUtil.cs
Warning: PersistentIndexManager was requested about missing file: Module.Task.asmdef
Warning: PersistentIndexManager was requested about missing file: Module.Task.csproj
Warning: PersistentIndexManager was requested about missing file: ITaskSystem.cs
Warning: PersistentIndexManager was requested about missing file: BaseTask.cs
Warning: PersistentIndexManager was requested about missing file: TaskDetector.cs
Warning: PersistentIndexManager was requested about missing file: TaskSystemLoop.cs
Warning: PersistentIndexManager was requested about missing file: TaskState.cs
Warning: PersistentIndexManager was requested about missing file: TaskUtil.cs
Warning: PersistentIndexManager was requested about missing file: Module.Task.asmdef
Warning: PersistentIndexManager was requested about missing file: Module.Task.csproj
Warning: PersistentIndexManager was requested about missing file: ITaskSystem.cs
Warning: PersistentIndexManager was requested about missing file: BaseTask.cs
Warning: PersistentIndexManager was requested about missing file: TaskDetector.cs
Warning: PersistentIndexManager was requested about missing file: TaskSystemLoop.cs
Warning: PersistentIndexManager was requested about missing file: TaskState.cs
Warning: PersistentIndexManager was requested about missing file: TaskUtil.cs
Warning: PersistentIndexManager was requested about missing file: Module.Task.asmdef
Warning: PersistentIndexManager was requested about missing file: Core.Model.csproj
Warning: PersistentIndexManager was requested about missing file: PlayerModel.cs
Warning: PersistentIndexManager was requested about missing file: CameraModel.cs
Warning: PersistentIndexManager was requested about missing file: Core.Model.asmdef
Warning: PersistentIndexManager was requested about missing file: Core.Model.csproj
Warning: PersistentIndexManager was requested about missing file: PlayerModel.cs
Warning: PersistentIndexManager was requested about missing file: CameraModel.cs
Warning: PersistentIndexManager was requested about missing file: Core.Model.asmdef
Warning: PersistentIndexManager was requested about missing file: Core.Model.csproj
Warning: PersistentIndexManager was requested about missing file: PlayerModel.cs
Warning: PersistentIndexManager was requested about missing file: CameraModel.cs
Warning: PersistentIndexManager was requested about missing file: Core.Model.asmdef
Warning: Primary thread didn't respond for 1.801sec (CurrentTask: 'Preparing NUnit Projects') QueueSize=35
Warning: Found existing project file for /data/project/Assets/Scripts/Editor/Editor.asmdef with existing PSI source file (IsMiscProjectItem: False)
Warning: Found existing project file for /data/project/Assets/Scripts/Core/Utility/Core.Utility.asmdef with existing PSI source file (IsMiscProjectItem: False)
Warning: Found existing project file for /data/project/Assets/Scripts/Core/Parameter/Core.Parameter.asmdef with existing PSI source file (IsMiscProjectItem: False)
Warning: Found existing project file for /data/project/Assets/Scripts/Core/Model/Core.Model.asmdef with existing PSI source file (IsMiscProjectItem: False)
Warning: Found existing project file for /data/project/Assets/Scripts/GameMain/GameMain.asmdef with existing PSI source file (IsMiscProjectItem: False)
Warning: Found existing project file for /data/project/Assets/Scripts/Module/Working/Module.Worker.asmdef with existing PSI source file (IsMiscProjectItem: False)
Warning: Found existing project file for /data/project/Assets/Scripts/Module/Task/Module.Task.asmdef with existing PSI source file (IsMiscProjectItem: False)
Warning: Found existing project file for /data/project/Assets/Scripts/Module/Player/Module.Player.asmdef with existing PSI source file (IsMiscProjectItem: False)
Warning: Primary thread didn't respond for 2.003sec (CurrentTask: 'RiderNuGetProjectTreeStructureBuilder::UpdateProjects') QueueSize=32
Warning: Primary thread was unresponsive for 2.003sec
Warning: Primary thread didn't respond for 0.528sec (CurrentTask: 'Finish project model updating') QueueSize=11
Warning: Primary thread didn't respond for 0.728sec (CurrentTask: 'Finish project model updating') QueueSize=11
Warning: Primary thread didn't respond for 1.051sec (CurrentTask: 'UserModifiableDictionarySource.ReplaceContent') QueueSize=11
Warning: Primary thread was unresponsive for 1.051sec
Warning: Primary thread didn't respond for 0.560sec (CurrentTask: 'ReentrancyGuardTaskScheduler::QueueTask::ReentrancyGuardTaskScheduler::QueueTask name=') QueueSize=1
Warning: Primary thread didn't respond for 0.759sec (CurrentTask: 'RdDispatcher::FlushAll::method=Void <DoDispatch>b__0() of JetBrains.Rd.Impl.MessageBroker+RdWireableDispatchHelper+<>c__DisplayClass12_0') QueueSize=2
Warning: Primary thread was unresponsive for 0.759sec
Warning: Primary thread didn't respond for 0.509sec (CurrentTask: 'EnqueueInit') QueueSize=4
Warning: Primary thread was unresponsive for 0.509sec
Warning: Primary thread didn't respond for 0.858sec (CurrentTask: 'PriorityRdDispatcher') QueueSize=7
Warning: Primary thread was unresponsive for 0.858sec
