Rider Entry Point...
08:41:35.786 |I| ProcessWatchdog                | WatchParentPid:11:4            | Monitoring parent process PID:11
08:41:35.890 |I| --LOGLOG--                     | :1                             | Added omnipresent logger with type [JetBrains.UI.Application.LogEventListener] and level [INFO]

08:41:35.996 |V| --LOGLOG:NativeMemoryPool--    | :1                             | New memory block allocated, size: 1,048,576 bytes, total allocated blocks: 0, used: 0

08:41:36.147 |I| --LOGLOG--                     | :1                             | Initializing LogManager with path=/opt/idea/bin/backend-log.xml, subconfiguration=Debug

08:41:36.171 |I| --LOGLOG--                     | :1                             | Listening of folder /opt/idea/bin is DISABLED. Platform: Linux.

08:41:36.193 |I| --LOGLOG--                     | :1                             | Reconfigure logger, ReadBinary=[False], Subconf=[Debug], Xml=/opt/idea/bin/backend-log.xml

JetBrains Rider 2023.2 EAP 9 D 
Running in .NET Core v7.0.7 x64 runtime
08:41:36.676 |I| --LOGLOG--                     | :1                             | Added omnipresent logger with type [JetBrains.Util.Console.ConsoleLoggerListener] and level [INFO]

JetBrains Rider 2023.2 EAP 9 D
Running on x64 OS in x64 architecture, .NET 7.0.7 under Linux 5.15.0-1041-azure #48-Ubuntu SMP Tue Jun 20 20:34:08 UTC 2023
08:41:38.986 |I| --LOGLOG--                     | :1                             | Removed omnipresent logger with type [JetBrains.Util.Console.ConsoleLoggerListener] and level [INFO]

08:41:38.987 |I| --LOGLOG--                     | :1                             | Added omnipresent logger with type [JetBrains.ReSharperAutomationTools.CommandLine.Common.Console.Util.Logging.ConsoleToolLogger] and level [INFO]

08:41:39.046 |V| --LOGLOG:NativeMemoryPool--    | ClientSocket-MainWire-Receiver:21 | New memory block allocated, size: 1,048,576 bytes, total allocated blocks: 1, used: 1

08:41:39.174 |I| --LOGLOG--                     | :1                             | Removed omnipresent logger with type [JetBrains.ReSharperAutomationTools.CommandLine.Common.Console.Util.Logging.ConsoleToolLogger] and level [INFO]

08:41:39.176 |I| --LOGLOG--                     | :1                             | Added omnipresent logger with type [JetBrains.Util.Console.ConsoleLoggerListener] and level [WARN]. Filters: <len=1>[JetBrains.Rider.Backend.Features.Loggers.RiderStderrThresholdFilter]

08:41:39.189 |I| --LOGLOG--                     | :1                             | Added omnipresent logger with type [JetBrains.Rider.Backend.Features.Loggers.LoggerHost] and level [INFO]

08:41:39.191 |I| --LOGLOG--                     | :1                             | Removed omnipresent logger with type [JetBrains.UI.Application.LogEventListener] and level [INFO]

08:41:57.657 |V| --LOGLOG:NativeMemoryPool--    | ClientSocket-MainWire-Sender:20 | New memory block allocated, size: 1,048,576 bytes, total allocated blocks: 2, used: 2

08:42:06.185 |V| --LOGLOG:UnsafeWriter--        | :1                             | Realloc UnsafeWriter, current: 1,048,576 bytes, new: 2,097,152

08:42:13.178 |V| --LOGLOG:UnsafeWriter--        | JetPool(S) #2:15               | Realloc UnsafeWriter, current: 1,048,576 bytes, new: 2,097,152

08:42:35.550 |V| --LOGLOG:UnsafeWriter--        | :1                             | Realloc UnsafeWriter, current: 1,048,576 bytes, new: 4,194,304

08:42:40.263 |I| --LOGLOG--                     | :1                             | Removed omnipresent logger with type [JetBrains.Rider.Backend.Features.Loggers.LoggerHost] and level [INFO]

